"../../../Engine/Content/EditorBlueprintResources/StandardMacros.uasset" 0
"../../../Engine/Content/EngineSky/C_Sky_Cloud_Color.uasset" 1
"../../../Engine/Content/EngineSky/C_Sky_Horizon_Color.uasset" 2
"../../../Engine/Content/EngineSky/C_Sky_Zenith_Color.uasset" 3
"../../../Engine/Content/EngineSky/T_Sky_Blue.uasset" 4
"../../../Engine/Content/EngineSky/T_Sky_Clouds_M.uasset" 5
"../../../Engine/Content/EngineSky/T_Sky_Stars.uasset" 6
"../../../Engine/Content/EngineSky/SM_SkySphere.uasset" 7
"../../../Engine/Content/EngineSky/M_Sky_Panning_Clouds2.uasset" 8
"../../../Engine/Content/EngineSky/BP_Sky_Sphere.uasset" 9
"../../../Engine/Content/EngineAnimNotifies/AnimNotify_PlaySound.uasset" 10
"../../../Engine/Content/EngineMeshes/Humanoid.uasset" 11
"../../../Engine/Content/Functions/Engine_MaterialFunctions01/Texturing/FlattenNormal.uasset" 12
"../../../Engine/Content/Functions/Engine_MaterialFunctions02/Utility/BlendAngleCorrectedNormals.uasset" 13
"../../../Engine/Content/Functions/MaterialLayerFunctions/MatLayerBlend_BakedNormal.uasset" 14
"../../../Engine/Content/Functions/MaterialLayerFunctions/MatLayerBlend_Standard.uasset" 15
"../../../Engine/Content/Functions/MaterialLayerFunctions/MatLayerBlend_TintAllChannels.uasset" 16
"../../../Pew_Game/Content/Characters/Textures/Chr_FPS_D.uasset" 17
"../../../Pew_Game/Content/Environment/Textures/T_Vista_Grass_N.uasset" 18
"../../../Pew_Game/Content/Characters/Materials/ML_Base.uasset" 19
"../../../Pew_Game/Content/Characters/Textures/Chr_FPS_02_M.uasset" 20
"../../../Pew_Game/Content/Characters/Textures/Chr_FPS_M.uasset" 21
"../../../Pew_Game/Content/Characters/Materials/ML_Emissive_Custom.uasset" 22
"../../../Pew_Game/Content/Characters/Textures/Tiles/T_Sctraches_01.uasset" 23
"../../../Pew_Game/Content/Characters/Materials/ML_Glass.uasset" 24
"../../../Pew_Game/Content/Characters/Textures/Chr_FPS_Metal_02.uasset" 25
"../../../Pew_Game/Content/Characters/Materials/ML_Metal_light.uasset" 26
"../../../Pew_Game/Content/Characters/Textures/Chr_FPS_Metal_01.uasset" 27
"../../../Pew_Game/Content/Characters/Materials/ML_Metal_Painted.uasset" 28
"../../../Pew_Game/Content/Characters/Materials/ML_Rubber_dark.uasset" 29
"../../../Pew_Game/Content/Characters/Textures/Chr_FPS_Fabric_N_01.uasset" 30
"../../../Pew_Game/Content/Characters/Materials/ML_Rubber_light.uasset" 31
"../../../Pew_Game/Content/Characters/Textures/Chr_FPS_M_03tga.uasset" 32
"../../../Pew_Game/Content/Characters/Textures/Chr_FPS_N.uasset" 33
"../../../Pew_Game/Content/Environment/PhysicalMaterials/M_BodyDamage.uasset" 34
"../../../Pew_Game/Content/Characters/Materials/HeroTPP.uasset" 35
"../../../Pew_Game/Content/Characters/HeroTPP/HeroTPP_Physics.uasset" 36
"../../../Pew_Game/Content/Characters/HeroTPP/HeroTPP.uasset" 37
"../../../Pew_Game/Content/Characters/HeroTPP/HeroTPP_Skeleton.uasset" 38
"../../../Pew_Game/Content/Sounds/FoleyBodyMoves/Mono/FoleyBody_BodyMove01.uasset" 39
"../../../Pew_Game/Content/Sounds/FoleyBodyMoves/Mono/FoleyBody_BodyMove02.uasset" 40
"../../../Pew_Game/Content/Sounds/FoleyBodyMoves/Mono/FoleyBody_BodyMove03.uasset" 41
"../../../Pew_Game/Content/Sounds/FoleyBodyMoves/Mono/FoleyBody_BodyMove04.uasset" 42
"../../../Pew_Game/Content/Sounds/SoundClassesAndMixes/Ambient.uasset" 43
"../../../Pew_Game/Content/Sounds/SoundClassesAndMixes/UIControllerSounds.uasset" 44
"../../../Pew_Game/Content/Sounds/SoundClassesAndMixes/UI.uasset" 45
"../../../Pew_Game/Content/Sounds/SoundClassesAndMixes/Master.uasset" 46
"../../../Pew_Game/Content/Sounds/SoundClassesAndMixes/PSM_DuckEnvironment.uasset" 47
"../../../Pew_Game/Content/Sounds/SoundClassesAndMixes/Weapons.uasset" 48
"../../../Pew_Game/Content/Sounds/SoundClassesAndMixes/SFX.uasset" 49
"../../../Pew_Game/Content/Sounds/SoundClassesAndMixes/Characters.uasset" 50
"../../../Pew_Game/Content/Sounds/FoleyBodyMoves/Mono/FoleyBody_BodyMove_Cue.uasset" 51
"../../../Pew_Game/Content/Sounds/Weapon_AssaultRifle/Mono/Weapon_AssaultRifle_Swap01.uasset" 52
"../../../Pew_Game/Content/Sounds/Weapon_AssaultRifle/Mono/Weapon_AssaultRifle_Swap02.uasset" 53
"../../../Pew_Game/Content/Sounds/Weapon_AssaultRifle/Mono/Weapon_AssaultRifle_Swap03.uasset" 54
"../../../Pew_Game/Content/Sounds/Weapon_AssaultRifle/Mono/AssaultRifle_Equip_Cue.uasset" 55
"../../../Pew_Game/Content/Animations/TTP_Animations/Equip.uasset" 56
"../../../Pew_Game/Content/Sounds/FoleyBodyMoves/Mono/FoleyBody_Land02.uasset" 57
"../../../Pew_Game/Content/Sounds/FoleyBodyMoves/Mono/FoleyBody_Land03.uasset" 58
"../../../Pew_Game/Content/Sounds/FoleyBodyMoves/Mono/FoleyBody_Land04.uasset" 59
"../../../Pew_Game/Content/Sounds/FoleyBodyMoves/Mono/FoleyBody_Land05.uasset" 60
"../../../Pew_Game/Content/Sounds/FoleyBodyMoves/Mono/FoleyBody_Land_Cue.uasset" 61
"../../../Pew_Game/Content/Animations/TTP_Animations/JumpEnd.uasset" 62
"../../../Pew_Game/Content/Animations/TTP_Animations/JumpLoop.uasset" 63
"../../../Pew_Game/Content/Animations/TTP_Animations/JumpStart.uasset" 64
"../../../Pew_Game/Content/Sounds/Footsteps/Mono/Footstep_Generic01.uasset" 65
"../../../Pew_Game/Content/Sounds/Footsteps/Mono/Footstep_Generic02.uasset" 66
"../../../Pew_Game/Content/Sounds/Footsteps/Mono/Footstep_Generic03.uasset" 67
"../../../Pew_Game/Content/Sounds/Footsteps/Mono/Footstep_Generic04.uasset" 68
"../../../Pew_Game/Content/Sounds/Footsteps/Mono/Footstep_Generic05.uasset" 69
"../../../Pew_Game/Content/Sounds/Footsteps/Mono/Footstep_Generic06.uasset" 70
"../../../Pew_Game/Content/Sounds/Footsteps/Mono/Footstep_Generic07.uasset" 71
"../../../Pew_Game/Content/Sounds/Footsteps/Mono/Footstep_Generic08.uasset" 72
"../../../Pew_Game/Content/Sounds/Footsteps/Mono/Footstep_Generic09.uasset" 73
"../../../Pew_Game/Content/Sounds/Footsteps/Mono/Footstep_Generic10.uasset" 74
"../../../Pew_Game/Content/Sounds/Footsteps/Mono/Footstep_Generic11.uasset" 75
"../../../Pew_Game/Content/Sounds/Footsteps/Mono/Footstep_Generic12.uasset" 76
"../../../Pew_Game/Content/Sounds/Footsteps/Mono/Footsteps_Generic_Cue.uasset" 77
"../../../Pew_Game/Content/Animations/TTP_Animations/RoadieRun_Fwd.uasset" 78
"../../../Pew_Game/Content/Animations/TTP_Animations/Idle.uasset" 79
"../../../Pew_Game/Content/Animations/TTP_Animations/AimOffsetDown.uasset" 80
"../../../Pew_Game/Content/Animations/TTP_Animations/AimOffsetFwd.uasset" 81
"../../../Pew_Game/Content/Animations/TTP_Animations/AimOffsetLeft.uasset" 82
"../../../Pew_Game/Content/Animations/TTP_Animations/AimOffsetLeftDown.uasset" 83
"../../../Pew_Game/Content/Animations/TTP_Animations/AimOffsetLeftUp.uasset" 84
"../../../Pew_Game/Content/Animations/TTP_Animations/AimOffsetRight.uasset" 85
"../../../Pew_Game/Content/Animations/TTP_Animations/AimOffsetRightDown.uasset" 86
"../../../Pew_Game/Content/Animations/TTP_Animations/AimOffsetRightUp.uasset" 87
"../../../Pew_Game/Content/Animations/TTP_Animations/AimOffsetUp.uasset" 88
"../../../Pew_Game/Content/Characters/HeroTPP/HeroTPP_AimOffsets.uasset" 89
"../../../Pew_Game/Content/Animations/TTP_Animations/Run_Bwd.uasset" 90
"../../../Pew_Game/Content/Animations/TTP_Animations/Run_Fwd.uasset" 91
"../../../Pew_Game/Content/Animations/TTP_Animations/Run_Lt.uasset" 92
"../../../Pew_Game/Content/Animations/TTP_Animations/Run_Rt.uasset" 93
"../../../Pew_Game/Content/Characters/HeroTPP/RunTPP.uasset" 94
"../../../Pew_Game/Content/Characters/HeroTPP/HeroTPP_AnimBlueprint.uasset" 95
"../../../Pew_Game/Content/PewGame/Textures/ct_arms.uasset" 96
"../../../Pew_Game/Content/PewGame/Textures/ct_arms_normal.uasset" 97
"../../../Pew_Game/Content/PewGame/Textures/ct_arms_Mat.uasset" 98
"../../../Pew_Game/Content/PewGame/Meshes/Arms/Arms_FPS_Skeleton_PhysicsAsset.uasset" 99
"../../../Pew_Game/Content/PewGame/Meshes/Arms/Arms_FPS_Skeleton.uasset" 100
"../../../Pew_Game/Content/PewGame/Meshes/Arms/Arms_FPS_Skeleton_Skeleton.uasset" 101
"../../../Pew_Game/Content/PewGame/Meshes/Arms/Arms_FPS_Anim_Default.uasset" 102
"../../../Pew_Game/Content/PewGame/Meshes/Arms/Arms_FPS_Anim_Sprint.uasset" 103
"../../../Pew_Game/Content/PewGame/Meshes/Arms/Arms_FPS_Anim_Walk.uasset" 104
"../../../Pew_Game/Content/PewGame/Meshes/Arms/Arms_FPS_Skeleton_Skeleton_AnimBlueprint.uasset" 105
"../../../Pew_Game/Content/PewGame/Meshes/Arms/Arms_FPS_Anim_Recoil.uasset" 106
"../../../Pew_Game/Content/PewGame/Meshes/Arms/Arms_Recoil_Montage.uasset" 107
"../../../Engine/Content/EditorBlueprintResources/ActorMacros.uasset" 108
"../../../Pew_Game/Content/PewGame/Textures/FirstPersonCrosshair.uasset" 109
"../../../Pew_Game/Content/PewGame/Textures/HitMarker.uasset" 110
"../../../Pew_Game/Content/PewGame/BP/HUD/BP_PewHUD.uasset" 111
"../../../Pew_Game/Content/PewGame/BP/GameMode/PewGame_GameMode.uasset" 112
"../../../Pew_Game/Content/PewGame/BP/BP_PewController.uasset" 113
"../../../Pew_Game/Content/PewGame/Meshes/Weapon/body_normalcavity.uasset" 114
"../../../Pew_Game/Content/PewGame/Meshes/Weapon/dirtmask.uasset" 115
"../../../Pew_Game/Content/PewGame/Meshes/Weapon/Sniper_Body_albedo.uasset" 116
"../../../Pew_Game/Content/PewGame/Meshes/Weapon/Sniper_Body_ao.uasset" 117
"../../../Pew_Game/Content/PewGame/Meshes/Weapon/Sniper_Body_metalness.uasset" 118
"../../../Pew_Game/Content/PewGame/Meshes/Weapon/Sniper_Body_normal.uasset" 119
"../../../Pew_Game/Content/PewGame/Meshes/Weapon/Sniper_Body_roughness.uasset" 120
"../../../Pew_Game/Content/PewGame/Meshes/Weapon/Cylinder113Mat.uasset" 121
"../../../Pew_Game/Content/PewGame/Meshes/Weapon/Parameter.uasset" 122
"../../../Pew_Game/Content/PewGame/Meshes/Weapon/Body.uasset" 123
"../../../Pew_Game/Content/PewGame/Textures/Weapon_Basemat.uasset" 124
"../../../Pew_Game/Content/PewGame/Textures/Flipsight_albedo.uasset" 125
"../../../Pew_Game/Content/PewGame/Textures/Flipsight_ao.uasset" 126
"../../../Pew_Game/Content/PewGame/Textures/Flipsight_emissive.uasset" 127
"../../../Pew_Game/Content/PewGame/Textures/Flipsight_metalness.uasset" 128
"../../../Pew_Game/Content/PewGame/Textures/Flipsight_normal.uasset" 129
"../../../Pew_Game/Content/PewGame/Textures/Flipsight_roughness.uasset" 130
"../../../Pew_Game/Content/PewGame/Textures/Weapon_sight_mat_inst.uasset" 131
"../../../Pew_Game/Content/PewGame/Meshes/Weapon/Weapon_Sights.uasset" 132
"../../../Pew_Game/Content/PewGame/Sound/AK47_Fire.uasset" 133
"../../../Pew_Game/Content/PewGame/Sound/AK47_Fire_cue.uasset" 134
"../../../Pew_Game/Content/PewGame/Sound/Ding.uasset" 135
"../../../Pew_Game/Content/PewGame/Sound/Headshot_Ding_Cue.uasset" 136
"../../../Pew_Game/Content/PewGame/Sound/Hitmarker_sound_hit.uasset" 137
"../../../Pew_Game/Content/PewGame/Sound/Hitmarker_sound_hit_Cue.uasset" 138
"../../../Pew_Game/Content/StarterContent/Textures/T_Smoke_SubUV.uasset" 139
"../../../Pew_Game/Content/StarterContent/Textures/T_Smoke_Tiled_D.uasset" 140
"../../../Pew_Game/Content/StarterContent/Particles/Materials/M_smoke_subUV.uasset" 141
"../../../Pew_Game/Content/PewGame/VFX/Pew_BulletBloodHit.uasset" 142
"../../../Pew_Game/Content/PewGame/VFX/Pew_BulletHit.uasset" 143
"../../../Pew_Game/Content/StarterContent/Textures/T_Fire_SubUV.uasset" 144
"../../../Pew_Game/Content/StarterContent/Textures/T_Fire_Tiled_D.uasset" 145
"../../../Pew_Game/Content/StarterContent/Particles/Materials/M_Fire_SubUV.uasset" 146
"../../../Pew_Game/Content/StarterContent/Textures/T_Water_N.uasset" 147
"../../../Pew_Game/Content/StarterContent/Particles/Materials/M_Heat_Distortion.uasset" 148
"../../../Pew_Game/Content/PewGame/VFX/Pew_MuzzleFlash.uasset" 149
"../../../Pew_Game/Content/StarterContent/Textures/T_Burst_M.uasset" 150
"../../../Pew_Game/Content/StarterContent/Particles/Materials/M_Burst.uasset" 151
"../../../Pew_Game/Content/StarterContent/Textures/T_Explosion_SubUV.uasset" 152
"../../../Pew_Game/Content/StarterContent/Particles/Materials/M_explosion_subUV.uasset" 153
"../../../Pew_Game/Content/StarterContent/Particles/Materials/m_flare_01.uasset" 154
"../../../Engine/Content/Functions/Engine_MaterialFunctions01/Gradient/RadialGradient.uasset" 155
"../../../Pew_Game/Content/StarterContent/Particles/Materials/M_radial_ramp.uasset" 156
"../../../Pew_Game/Content/StarterContent/Particles/P_Explosion.uasset" 157
"../../../Pew_Game/Content/PewGame/BP/BP_PewCharacter.uasset" 158
"../../../Engine/Content/Functions/Engine_MaterialFunctions01/Opacity/CameraDepthFade.uasset" 159
"../../../Engine/Content/EngineMaterials/T_Default_Material_Grid_M.uasset" 160
"../../../Engine/Content/EngineMaterials/T_Default_Material_Grid_N.uasset" 161
"../../../Engine/Content/EngineMaterials/WorldGridMaterial.uasset" 162
"../../../Pew_Game/Content/PewGame/Meshes/testheight.uasset" 163
"../../../Pew_Game/Content/PewGame/BP/BP_Pew_SpawnPoint.uasset" 164
"../../../Pew_Game/Content/StarterContent/Textures/T_Brick_Clay_New_D.uasset" 165
"../../../Pew_Game/Content/StarterContent/Textures/T_Brick_Clay_New_M.uasset" 166
"../../../Pew_Game/Content/StarterContent/Textures/T_Brick_Clay_New_N.uasset" 167
"../../../Pew_Game/Content/StarterContent/Textures/T_Detail_Rocky_N.uasset" 168
"../../../Pew_Game/Content/StarterContent/Textures/T_MacroVariation.uasset" 169
"../../../Pew_Game/Content/StarterContent/Materials/M_Brick_Clay_New.uasset" 170
"../../../Pew_Game/Content/StarterContent/Textures/T_Brick_Clay_Old_D.uasset" 171
"../../../Pew_Game/Content/StarterContent/Textures/T_Brick_Clay_Old_N.uasset" 172
"../../../Pew_Game/Content/StarterContent/Textures/T_Perlin_Noise_M.uasset" 173
"../../../Pew_Game/Content/StarterContent/Materials/M_Brick_Clay_Old.uasset" 174
"../../../Pew_Game/Content/StarterContent/Textures/T_Ground_Grass_D.uasset" 175
"../../../Pew_Game/Content/StarterContent/Textures/T_Ground_Grass_N.uasset" 176
"../../../Pew_Game/Content/StarterContent/Materials/M_Ground_Grass.uasset" 177
"../../../Pew_Game/Content/StarterContent/Textures/T_Wood_Floor_Walnut_D.uasset" 178
"../../../Pew_Game/Content/StarterContent/Textures/T_Wood_Floor_Walnut_M.uasset" 179
"../../../Pew_Game/Content/StarterContent/Textures/T_Wood_Floor_Walnut_N.uasset" 180
"../../../Pew_Game/Content/StarterContent/Materials/M_Wood_Floor_Walnut_Polished.uasset" 181
"../../../Engine/Content/Functions/Engine_MaterialFunctions01/Opacity/AlphaOffset.uasset" 182
"../../../Pew_Game/Content/StarterContent/Materials/M_Wood_Floor_Walnut_Worn.uasset" 183
"../../../Engine/Content/Functions/Engine_MaterialFunctions01/Gradient/LinearGradient.uasset" 184
"../../../Engine/Content/Functions/Engine_MaterialFunctions01/ImageAdjustment/CheapContrast.uasset" 185
"../../../Engine/Content/Functions/Engine_MaterialFunctions02/Texturing/CustomRotator.uasset" 186
"../../../Engine/Content/EngineMaterials/DefaultDiffuse.uasset" 187
"../../../Pew_Game/Content/PewGame/Textures/MasterMat/RockMoss/Height.uasset" 188
"../../../Pew_Game/Content/PewGame/Textures/BumpOffsetWorldAligned.uasset" 189
"../../../Pew_Game/Content/PewGame/Textures/MasterMat/Bitmap2Material_3__Base_Color___id_basecolor_.uasset" 190
"../../../Pew_Game/Content/PewGame/Textures/MasterMat/Bitmap2Material_3__Normal___id_normal_.uasset" 191
"../../../Pew_Game/Content/PewGame/Textures/MasterMat/Bitmap2Material_3__Roughness___id_roughness_.uasset" 192
"../../../Pew_Game/Content/PewGame/Textures/MasterMat/Supershotty/Body_ao.uasset" 193
"../../../Pew_Game/Content/PewGame/Textures/MasterMat/Master_Tilable_textures.uasset" 194
"../../../Pew_Game/Content/PewGame/Textures/MasterMat/Stone_wall_tile_01/Bitmap2Material_3_Ambient_Occlusion.uasset" 195
"../../../Pew_Game/Content/PewGame/Textures/MasterMat/Stone_wall_tile_01/Bitmap2Material_3_Base_Color.uasset" 196
"../../../Pew_Game/Content/PewGame/Textures/MasterMat/Stone_wall_tile_01/Bitmap2Material_3_Height.uasset" 197
"../../../Pew_Game/Content/PewGame/Textures/MasterMat/Stone_wall_tile_01/Bitmap2Material_3_Normal.uasset" 198
"../../../Pew_Game/Content/PewGame/Textures/MasterMat/Stone_wall_tile_01/Bitmap2Material_3_Roughness.uasset" 199
"../../../Pew_Game/Content/PewGame/Textures/MasterMat/Stone_wall_tile_01/Stone_wall_tile_1.uasset" 200
"../../../Pew_Game/Content/StarterContent/Textures/T_Concrete_Poured_D.uasset" 201
"../../../Pew_Game/Content/StarterContent/Textures/T_Concrete_Poured_N.uasset" 202
"../../../Pew_Game/Content/StarterContent/Textures/T_Concrete_Tiles_D.uasset" 203
"../../../Pew_Game/Content/PewGame/Textures/MasterMat/Walls/Wall_Concrete_white.uasset" 204
"../../../Engine/Content/EngineMaterials/DefaultPhysicalMaterial.uasset" 205
"../../../Pew_Game/Content/StarterContent/HDRI/HDRI_Epic_Courtyard_Daylight.uasset" 206
"../../../Pew_Game/Content/PewGame/Levels/DM_Abandoned.umap" 207
"../../../Pew_Game/Content/PewGame/BP/HUD/BP_PewMainMenu.uasset" 208
"../../../Pew_Game/Content/PewGame/BP/PewGameInstance.uasset" 209
"../../../Pew_Game/Content/PewGame/Menu/ServerRowWidget.uasset" 210
"../../../Pew_Game/Content/PewGame/Menu/ServerBrowserWidget.uasset" 211
"../../../Pew_Game/Content/PewGame/BP/CurrentMenuState.uasset" 212
"../../../Pew_Game/Content/StarterContent/Textures/T_Bush_N.uasset" 213
"../../../Pew_Game/Content/PewGame/Menu/MainMenu.uasset" 214
"../../../Pew_Game/Content/PewGame/BP/GameMode/PewGame_MainMenuMode.uasset" 215
"../../../Pew_Game/Content/PewGame/Levels/MainMenu.umap" 216
"../../../Pew_Game/Content/PewGame/Levels/LoadingScreen.umap" 217
"../../../Engine/Content/EditorResources/S_Actor.uasset" 218
"../../../Engine/Content/Maps/Templates/Thumbnails/Default.uasset" 219
"../../../Engine/Content/EditorMaterials/ParticleSystems/PSysThumbnail_NoImage.uasset" 220
"../../../Engine/Content/EditorMaterials/ParticleSystems/PSysThumbnail_OOD.uasset" 221
"../../../Engine/Content/EditorLandscapeResources/DataLayer.uasset" 222
"../../../Engine/Content/EngineFonts/Roboto.uasset" 223
"../../../Engine/Content/Functions/Engine_MaterialFunctions01/Shading/PowerToRoughness.uasset" 224
"../../../Engine/Content/Functions/Engine_MaterialFunctions01/Shading/ConvertFromDiffSpec.uasset" 225
"../../../Engine/Content/EngineMaterials/DefaultDeferredDecalMaterial.uasset" 226
"../../../Engine/Content/EngineMaterials/DefaultLightFunctionMaterial.uasset" 227
"../../../Engine/Content/Functions/Engine_MaterialFunctions02/Utility/BreakOutFloat2Components.uasset" 228
"../../../Engine/Content/EngineMaterials/DefaultPostProcessMaterial.uasset" 229
"../../../Engine/Content/EngineResources/DefaultTexture.uasset" 230
"../../../Engine/Content/Functions/Engine_MaterialFunctions02/Texturing/ScreenAlignedUVs.uasset" 231
"../../../Engine/Content/EngineResources/WhiteSquareTexture.uasset" 232
"../../../Engine/Content/EngineMaterials/Widget3DPassThrough.uasset" 233
"../../../Engine/Content/EngineMaterials/Widget3DPassThrough_Translucent.uasset" 234
"../../../Engine/Content/EngineMaterials/Widget3DPassThrough_Translucent_OneSided.uasset" 235
"../../../Engine/Content/EngineMaterials/Widget3DPassThrough_Opaque.uasset" 236
"../../../Engine/Content/EngineMaterials/Widget3DPassThrough_Opaque_OneSided.uasset" 237
"../../../Engine/Content/EngineMaterials/Widget3DPassThrough_Masked.uasset" 238
"../../../Engine/Content/EngineMaterials/Widget3DPassThrough_Masked_OneSided.uasset" 239
"../../../Engine/Content/EngineDamageTypes/DmgTypeBP_Environmental.uasset" 240
"../../../Engine/Content/EngineMeshes/Sphere.uasset" 241
"../../../Engine/Content/EngineFonts/RobotoDistanceField.uasset" 242
"../../../Engine/Content/EngineMaterials/DefaultTextMaterialOpaque.uasset" 243
"../../../Engine/Content/EditorResources/S_Trigger.uasset" 244
"../../../Engine/Content/EngineResources/GradientTexture0.uasset" 245
"../../../Engine/Content/EngineResources/Black.uasset" 246
"../../../Engine/Content/EditorMaterials/MatineeGroups/MAT_Groups_Float.uasset" 247
"../../../Engine/Content/EditorMaterials/MatineeGroups/MAT_Groups_Director.uasset" 248
"../../../Engine/Content/EditorMaterials/MatineeGroups/MAT_Groups_Event.uasset" 249
"../../../Engine/Content/EditorMaterials/MatineeGroups/MAT_Groups_Anim.uasset" 250
"../../../Engine/Content/EditorMaterials/MatineeGroups/MAT_Groups_Fade.uasset" 251
"../../../Engine/Content/EditorMaterials/MatineeGroups/MAT_Groups_Move.uasset" 252
"../../../Engine/Content/EditorMaterials/MatineeGroups/MAT_Groups_Slomo.uasset" 253
"../../../Engine/Content/EditorMaterials/MatineeGroups/MAT_ColorTrack.uasset" 254
"../../../Engine/Content/EditorMaterials/MAT_Groups_Toggle.uasset" 255
"../../../Engine/Content/EditorMaterials/MatineeGroups/MAT_Groups_AudioMaster.uasset" 256
"../../../Engine/Content/EditorMaterials/MatineeGroups/MAT_Groups_Sound.uasset" 257
"../../../Engine/Content/EditorMaterials/MatineeGroups/MAT_Groups_Vector.uasset" 258
"../../../Engine/Content/EditorMaterials/MAT_Groups_Visibility.uasset" 259
"../../../Engine/Content/EngineResources/DefaultTextureCube.uasset" 260
"../../../Engine/Content/EngineMaterials/DefaultMaterial.uasset" 261
"../../../Engine/Content/EngineMeshes/Cylinder.uasset" 262
"../../../Engine/Content/EngineTireTypes/DefaultTireType.uasset" 263
"../../../Engine/Content/EngineResources/AICON-Red.uasset" 264
"../../../Engine/Content/EngineResources/AICON-Green.uasset" 265
"../../../Engine/Content/Tutorial/Basics/LevelEditorAttract.uasset" 266
"../../../Engine/Content/Tutorial/Basics/TutorialAssets/icon_tab_Levels_40x.uasset" 267
"../../../Engine/Content/Tutorial/Basics/LevelEditorOverview.uasset" 268
"../../../Engine/Content/Tutorial/ContentIntroCurve.uasset" 269
"../../../Engine/Plugins/2D/Paper2D/Content/PlaceholderTextures/DummySpriteTexture.uasset" 270
"../../../Engine/Plugins/2D/Paper2D/Content/DefaultSpriteMaterial.uasset" 271
"../../../Engine/Plugins/2D/Paper2D/Content/MaskedUnlitSpriteMaterial.uasset" 272
"../../../Engine/Plugins/2D/Paper2D/Content/OpaqueUnlitSpriteMaterial.uasset" 273
"../../../Engine/Plugins/2D/Paper2D/Content/DummySpriteTexture.uasset" 274
"../../../Engine/Plugins/2D/Paper2D/Content/DummySprite.uasset" 275
"../../../Engine/Plugins/2D/Paper2D/Content/DefaultPaperTerrainMaterial.uasset" 276
"../../../Engine/Plugins/Runtime/LeapMotionController/Content/LM_CapsuleMesh.uasset" 277
"../../../Engine/Plugins/Runtime/LeapMotionController/Content/LM_TorusMesh.uasset" 278
"../../../Engine/Plugins/Runtime/LeapMotionController/Content/LM_HandColor.uasset" 279
"../../../Engine/Plugins/Runtime/LeapMotionController/Content/LM_SampleDistortion.uasset" 280
"../../../Engine/Plugins/Runtime/LeapMotionController/Content/LM_TestTexture.uasset" 281
"../../../Engine/Plugins/Runtime/LeapMotionController/Content/LM_PassthroughMaterial.uasset" 282
"../../../Engine/Content/BasicShapes/Cube.uasset" 283
"../../../Engine/Content/EngineMaterials/RemoveSurfaceMaterial.uasset" 284
"../../../Engine/Content/EngineDebugMaterials/DebugMeshMaterial.uasset" 285
"../../../Engine/Content/EngineMaterials/InvalidLightmapSettings.uasset" 286
"../../../Engine/Content/EngineMaterials/M_InvalidLightmapSettings.uasset" 287
"../../../Engine/Content/EditorMaterials/GizmoMaterial.uasset" 288
"../../../Engine/Content/EngineMaterials/Good64x64TilingNoiseHighFreq.uasset" 289
"../../../Engine/Content/EngineMaterials/DefaultBokeh.uasset" 290
"../../../Engine/Content/EngineMaterials/PreintegratedSkinBRDF.uasset" 291
"../../../Engine/Content/EngineMaterials/MiniFont.uasset" 292
"../../../Engine/Content/EngineMaterials/WeightMapPlaceholderTexture.uasset" 293
"../../../Engine/Content/EngineMaterials/DefaultWhiteGrid.uasset" 294
"../../../Engine/Content/EngineFonts/RobotoTiny.uasset" 295
"../../../Engine/Content/MobileResources/HUD/MobileHUDButton3.uasset" 296
"../../../Engine/Content/MobileResources/HUD/MobileHUDButton1_on.uasset" 297
"../../../Engine/Content/MobileResources/HUD/MobileHUDButton1_off.uasset" 298
"../../../Engine/Content/MobileResources/HUD/MobileHUDButton2_off.uasset" 299
"../../../Engine/Content/MobileResources/HUD/MobileHUDDirectionPad3.uasset" 300
"../../../Engine/Content/MobileResources/HUD/MobileHUDButtonFire.uasset" 301
"../../../Engine/Content/MobileResources/HUD/T_Castle_ThumbstickOutter.uasset" 302
"../../../Engine/Content/MobileResources/HUD/VirtualJoystick_Background.uasset" 303
"../../../Engine/Content/MobileResources/HUD/VirtualJoystick_Thumb.uasset" 304
"../../../Engine/Content/MobileResources/HUD/LeftVirtualJoystickOnly.uasset" 305
"../../../Engine/Content/MobileResources/HUD/MobileHUDDirectionPad.uasset" 306
"../../../Engine/Content/MobileResources/HUD/AnalogHat.uasset" 307
"../../../Engine/Content/MobileResources/HUD/DefaultVirtualJoysticks.uasset" 308
"../../../Engine/Content/MobileResources/T_MobileControls_texture.uasset" 309
"../../../Engine/Content/MobileResources/HUD/MobileHUDButton2_on.uasset" 310
"../../../Engine/Content/MobileResources/HUD/MobileHUDDirectionPad2.uasset" 311
"../../../Engine/Content/MobileResources/HUD/T_Castle_ThumbstickInner.uasset" 312
"../../../Engine/Content/MobileResources/T_MobileMenu2.uasset" 313
"../../../Engine/Content/EditorMaterials/PhAT_JointLimitMaterial.uasset" 314
"../../../Engine/Content/EditorMaterials/PreviewShadowIndicator.uasset" 315
"../../../Engine/Content/EditorMaterials/PreviewShadowIndicatorMaterial.uasset" 316
"../../../Engine/Content/EditorMeshes/ColorCalibrator/M_ChromeBall.uasset" 317
"../../../Engine/Content/EditorMeshes/ColorCalibrator/M_ClearCoat.uasset" 318
"../../../Engine/Content/EditorMeshes/ColorCalibrator/M_ClearCoatBlack.uasset" 319
"../../../Engine/Content/EditorMeshes/ColorCalibrator/T_ColorGrid.uasset" 320
"../../../Engine/Content/EditorMeshes/ColorCalibrator/M_ColorGrid.uasset" 321
"../../../Engine/Content/EditorMeshes/ColorCalibrator/M_GreyBall.uasset" 322
"../../../Engine/Content/EditorMeshes/ColorCalibrator/SM_ColorCalibrator.uasset" 323
"../../../Engine/Content/EditorResources/BSPVertex.uasset" 324
"../../../Engine/Content/EngineDebugMaterials/HeatmapGradient.uasset" 325
"../../../Engine/Content/EngineDebugMaterials/BoneWeightMaterial.uasset" 326
"../../../Engine/Content/EngineDebugMaterials/GeomMaterial.uasset" 327
"../../../Engine/Content/EngineMaterials/EditorBrushMaterial.uasset" 328
"../../../Engine/Content/MobileResources/HUD/MobileHUDDirectionStick.uasset" 329
"../../../Engine/Content/Tutorial/BlueprintTutorials/TutorialAssets/Blueprint_64x.uasset" 330
"../../../Engine/Content/Tutorial/BlueprintTutorials/BlueprintEditorTutorial.uasset" 331
"../../../Engine/Content/Tutorial/BlueprintTutorials/TutorialAssets/BlueprintInterface_64x.uasset" 332
"../../../Engine/Content/Tutorial/BlueprintTutorials/TutorialAssets/Tutorial_BP_Interface.uasset" 333
"../../../Engine/Content/Tutorial/BlueprintTutorials/BlueprintInterfacesEditorOverview.uasset" 334
"../../../Engine/Content/Tutorial/BlueprintTutorials/TutorialAssets/BlueprintMacroLibrary_64x.uasset" 335
"../../../Engine/Content/Tutorial/BlueprintTutorials/TutorialAssets/Tutorial_BP_MacroLib.uasset" 336
"../../../Engine/Content/Tutorial/BlueprintTutorials/BlueprintMacroLibrariesEditorOverview.uasset" 337
"../../../Engine/Content/Tutorial/BlueprintTutorials/LevelBlueprintEditorOverview.uasset" 338
"../../../Engine/Content/Tutorial/Foliage/TutorialAssets/Foliage.uasset" 339
"../../../Engine/Content/Tutorial/Foliage/Foliage_Settings_Tutorial.uasset" 340
"../../../Engine/Content/Tutorial/Foliage/Foliage_Using_The_Tool_Tutorial.uasset" 341
"../../../Engine/Content/Tutorial/Foliage/Foliage_Intro_Tutorial.uasset" 342
"../../../Engine/Content/Tutorial/Landscape/TutorialAssets/Landscape.uasset" 343
"../../../Engine/Content/Tutorial/Landscape/Landscape_Painting_Mode.uasset" 344
"../../../Engine/Content/Tutorial/Landscape/Landscape_Sculpt_Mode.uasset" 345
"../../../Engine/Content/Tutorial/Landscape/Landscape_Manage_Mode.uasset" 346
"../../../Engine/Content/Tutorial/Paper2D/TutorialAssets/Paper2DFlipbook_TutorialIcon.uasset" 347
"../../../Engine/Content/Tutorial/Paper2D/FlipbookEditorTutorial.uasset" 348
"../../../Engine/Content/Tutorial/Paper2D/TutorialAssets/Paper2DSprite_TutorialIcon.uasset" 349
"../../../Engine/Content/Tutorial/Paper2D/SpriteEditorTutorial.uasset" 350
"../../../Engine/Content/EditorMeshes/EditorCube.uasset" 351
"../../../Engine/Content/Tutorial/SubEditors/TutorialAssets/Tutorial_DM.uasset" 352
"../../../Engine/Content/Tutorial/SubEditors/DestructibleMeshEditorTutorial.uasset" 353
"../../../Engine/Content/Tutorial/SubEditors/TutorialAssets/TutorialMaterial.uasset" 354
"../../../Engine/Content/Tutorial/SubEditors/MaterialEditorTutorial.uasset" 355
"../../../Engine/Content/Tutorial/SubEditors/TutorialAssets/T_SmokeSubUV_8X8.uasset" 356
"../../../Engine/Content/Tutorial/SubEditors/TutorialAssets/T_soft_smoke.uasset" 357
"../../../Engine/Content/Tutorial/SubEditors/TutorialAssets/M_smoke_subUV_blackbody.uasset" 358
"../../../Engine/Content/Tutorial/SubEditors/TutorialAssets/TutorialParticleSystem.uasset" 359
"../../../Engine/Content/Tutorial/SubEditors/ParticleSystemEditorTutorial.uasset" 360
"../../../Engine/Content/Tutorial/SubEditors/TutorialAssets/icon_ShowSkeletalMeshes_40x.uasset" 361
"../../../Engine/Content/Tutorial/SubEditors/TutorialAssets/Character/TutorialTPP_Mat.uasset" 362
"../../../Engine/Content/Tutorial/SubEditors/TutorialAssets/Character/TutorialTPP_PhysicsAsset.uasset" 363
"../../../Engine/Content/Tutorial/SubEditors/TutorialAssets/Character/TutorialTPP.uasset" 364
"../../../Engine/Content/Tutorial/SubEditors/TutorialAssets/Character/TutorialTPP_Skeleton.uasset" 365
"../../../Engine/Content/Tutorial/SubEditors/TutorialAssets/Character/Tutorial_Idle.uasset" 366
"../../../Engine/Content/Tutorial/SubEditors/TutorialAssets/Character/Tutorial_Walk_Fwd.uasset" 367
"../../../Engine/Content/Tutorial/SubEditors/TutorialAssets/Character/NewBlendSpace1D.uasset" 368
"../../../Engine/Content/Tutorial/SubEditors/TutorialAssets/Character/TutorialCharacter.uasset" 369
"../../../Engine/Content/Tutorial/SubEditors/TutorialAssets/Character/TutorialTPP_AnimBlueprint.uasset" 370
"../../../Engine/Content/Tutorial/SubEditors/PersonaAnimBlueprintEditorWalkthrough.uasset" 371
"../../../Engine/Content/Tutorial/SubEditors/PersonaAnimEditorWalkthrough.uasset" 372
"../../../Engine/Content/EngineMeshes/Cube.uasset" 373
"../../../Engine/Content/Tutorial/SubEditors/StaticMeshEditorTutorial.uasset" 374
"../../../Engine/Content/Tutorial/SubEditors/TutorialAssets/icon_Editor_Preferences_General_40x.uasset" 375
