"D:/GitHub/PewGame/Pew_Game.uproject" 1
"../../../Engine/Plugins/2D/Paper2D/Paper2D.uplugin" 2
"../../../Engine/Plugins/Blendables/LightPropagationVolume/LightPropagationVolume.uplugin" 3
"../../../Engine/Plugins/Developer/BlankPlugin/BlankPlugin.uplugin" 4
"../../../Engine/Plugins/Developer/CodeLiteSourceCodeAccess/CodeLiteSourceCodeAccess.uplugin" 5
"../../../Engine/Plugins/Developer/GitSourceControl/GitSourceControl.uplugin" 6
"../../../Engine/Plugins/Developer/KDevelopSourceCodeAccess/KDevelopSourceCodeAccess.uplugin" 7
"../../../Engine/Plugins/Developer/NullSourceCodeAccess/NullSourceCodeAccess.uplugin" 8
"../../../Engine/Plugins/Developer/OneSkyLocalizationService/OneSkyLocalizationService.uplugin" 9
"../../../Engine/Plugins/Developer/PerforceSourceControl/PerforceSourceControl.uplugin" 10
"../../../Engine/Plugins/Developer/SubversionSourceControl/SubversionSourceControl.uplugin" 11
"../../../Engine/Plugins/Developer/UObjectPlugin/UObjectPlugin.uplugin" 12
"../../../Engine/Plugins/Developer/VisualStudioSourceCodeAccess/VisualStudioSourceCodeAccess.uplugin" 13
"../../../Engine/Plugins/Developer/XCodeSourceCodeAccess/XCodeSourceCodeAccess.uplugin" 14
"../../../Engine/Plugins/Editor/EpicSurvey/EpicSurvey.uplugin" 15
"../../../Engine/Plugins/Editor/MacGraphicsSwitching/MacGraphicsSwitching.uplugin" 16
"../../../Engine/Plugins/Editor/PluginBrowser/PluginBrowser.uplugin" 17
"../../../Engine/Plugins/Editor/SpeedTreeImporter/SpeedTreeImporter.uplugin" 18
"../../../Engine/Plugins/Experimental/BlueprintStats/BlueprintStats.uplugin" 19
"../../../Engine/Plugins/Experimental/CharacterAI/CharacterAI.uplugin" 20
"../../../Engine/Plugins/Experimental/CodeEditor/CodeEditor.uplugin" 21
"../../../Engine/Plugins/Experimental/CodeView/CodeView.uplugin" 22
"../../../Engine/Plugins/Experimental/HTML5Networking/HTML5Networking.uplugin" 23
"../../../Engine/Plugins/Experimental/LiveEditor/LiveEditor.uplugin" 24
"../../../Engine/Plugins/Experimental/Phya/Phya.uplugin" 25
"../../../Engine/Plugins/Experimental/SimpleHMD/SimpleHMD.uplugin" 26
"../../../Engine/Plugins/Experimental/StructBox/StructBox.uplugin" 27
"../../../Engine/Plugins/Media/AndroidMedia/AndroidMedia.uplugin" 28
"../../../Engine/Plugins/Media/AvfMedia/AvfMedia.uplugin" 29
"../../../Engine/Plugins/Media/MediaPlayerEditor/MediaPlayerEditor.uplugin" 30
"../../../Engine/Plugins/Media/WmfMedia/WmfMedia.uplugin" 31
"../../../Engine/Plugins/Messaging/MessagingDebugger/MessagingDebugger.uplugin" 32
"../../../Engine/Plugins/Messaging/UdpMessaging/UdpMessaging.uplugin" 33
"../../../Engine/Plugins/MovieScene/LevelSequenceEditor/LevelSequenceEditor.uplugin" 34
"../../../Engine/Plugins/NetcodeUnitTest/NetcodeUnitTest/NetcodeUnitTest.uplugin" 35
"../../../Engine/Plugins/NetcodeUnitTest/NUTUnrealEngine4/NUTUnrealEngine4.uplugin" 36
"../../../Engine/Plugins/Runtime/Advertising/IOSTapJoy/IOSTapJoy.uplugin" 37
"../../../Engine/Plugins/Runtime/Analytics/AnalyticsBlueprintLibrary/AnalyticsBlueprintLibrary.uplugin" 38
"../../../Engine/Plugins/Runtime/Analytics/AnalyticsMulticast/AnalyticsMulticast.uplugin" 39
"../../../Engine/Plugins/Runtime/Analytics/Apsalar/IOSApsalar/IOSApsalar.uplugin" 40
"../../../Engine/Plugins/Runtime/Analytics/FileLogging/FileLogging.uplugin" 41
"../../../Engine/Plugins/Runtime/Analytics/Flurry/IOSFlurry/IOSFlurry.uplugin" 42
"../../../Engine/Plugins/Runtime/AndroidDeviceProfileSelector/AndroidDeviceProfileSelector.uplugin" 43
"../../../Engine/Plugins/Runtime/AndroidMoviePlayer/AndroidMoviePlayer.uplugin" 44
"../../../Engine/Plugins/Runtime/AppleMoviePlayer/AppleMoviePlayer.uplugin" 45
"../../../Engine/Plugins/Runtime/ArchVisCharacter/ArchVisCharacter.uplugin" 46
"../../../Engine/Plugins/Runtime/CableComponent/CableComponent.uplugin" 47
"../../../Engine/Plugins/Runtime/CustomMeshComponent/CustomMeshComponent.uplugin" 48
"../../../Engine/Plugins/Runtime/ExampleDeviceProfileSelector/ExampleDeviceProfileSelector.uplugin" 49
"../../../Engine/Plugins/Runtime/GearVR/GearVR.uplugin" 50
"../../../Engine/Plugins/Runtime/IOSDeviceProfileSelector/IOSDeviceProfileSelector.uplugin" 51
"../../../Engine/Plugins/Runtime/LeapMotionController/LeapMotionController.uplugin" 52
"../../../Engine/Plugins/Runtime/LinuxDeviceProfileSelector/LinuxDeviceProfileSelector.uplugin" 53
"../../../Engine/Plugins/Runtime/LiveEditorListenServer/LiveEditorListenServer.uplugin" 54
"../../../Engine/Plugins/Runtime/OculusAudio/OculusAudio.uplugin" 55
"../../../Engine/Plugins/Runtime/OculusInput/OculusInput.uplugin" 56
"../../../Engine/Plugins/Runtime/OculusLibrary/OculusLibrary.uplugin" 57
"../../../Engine/Plugins/Runtime/OculusRift/OculusRift.uplugin" 58
"../../../Engine/Plugins/Runtime/ProceduralMeshComponent/ProceduralMeshComponent.uplugin" 59
"../../../Engine/Plugins/Runtime/SoundMod/SoundMod.uplugin" 60
"../../../Engine/Plugins/Runtime/SoundVisualizations/SoundVisualizations.uplugin" 61
"../../../Engine/Plugins/Runtime/Steam/SteamController/SteamController.uplugin" 62
"../../../Engine/Plugins/Runtime/Steam/SteamVR/SteamVR.uplugin" 63
"../../../Engine/Plugins/Runtime/WebBrowserWidget/WebBrowserWidget.uplugin" 64
"../../../Engine/Plugins/Runtime/WindowsDeviceProfileSelector/WindowsDeviceProfileSelector.uplugin" 65
"../../../Engine/Plugins/Runtime/WindowsMoviePlayer/WindowsMoviePlayer.uplugin" 66
"../../../Engine/Plugins/ScriptGeneratorPlugin/ScriptGeneratorPlugin.uplugin" 67
"../../../Engine/Plugins/ScriptPlugin/ScriptPlugin.uplugin" 68
"../../../Engine/Plugins/Slate/SlateRemote/SlateRemote.uplugin" 69
"..\..\..\Engine\Content\Internationalization\icudt53l\cnvalias.icu" 70
"..\..\..\Engine\Content\Internationalization\icudt53l\en_US_POSIX.res" 71
"..\..\..\Engine\Content\Internationalization\icudt53l\pool.res" 72
"..\..\..\Engine\Content\Internationalization\icudt53l\en_US.res" 73
"..\..\..\Engine\Content\Internationalization\icudt53l\en.res" 74
"..\..\..\Engine\Content\Internationalization\icudt53l\root.res" 75
"..\..\..\Engine\Content\Internationalization\icudt53l\en_GB.res" 76
"..\..\..\Engine\Content\Internationalization\icudt53l\en_001.res" 77
"C:/Users/Palmen/AppData/Local/UnrealEngine/4.10/Saved/Config/Windows/Manifest.ini" 78
"../../../Engine/Config/Base.ini" 79
"../../../Engine/Config/BaseEngine.ini" 80
"D:/GitHub/PewGame/Config/DefaultEngine.ini" 81
"../../../Engine/Config/Windows/WindowsEngine.ini" 82
"D:/GitHub/PewGame/Saved/Config/Windows/Engine.ini" 83
"../../../../../GitHub/PewGame/Intermediate/Config/CoalescedSourceConfigs/Engine.ini" 84
"../../../Engine/Config/BaseGame.ini" 85
"D:/GitHub/PewGame/Config/DefaultGame.ini" 86
"D:/GitHub/PewGame/Saved/Config/Windows/Game.ini" 87
"../../../../../GitHub/PewGame/Intermediate/Config/CoalescedSourceConfigs/Game.ini" 88
"../../../Engine/Config/BaseInput.ini" 89
"D:/GitHub/PewGame/Config/DefaultInput.ini" 90
"D:/GitHub/PewGame/Saved/Config/Windows/Input.ini" 91
"../../../../../GitHub/PewGame/Intermediate/Config/CoalescedSourceConfigs/Input.ini" 92
"../../../Engine/Config/BaseEditor.ini" 93
"D:/GitHub/PewGame/Config/DefaultEditor.ini" 94
"D:/GitHub/PewGame/Saved/Config/Windows/Editor.ini" 95
"../../../../../GitHub/PewGame/Intermediate/Config/CoalescedSourceConfigs/Editor.ini" 96
"../../../Engine/Config/BaseEditorPerProjectUserSettings.ini" 97
"D:/GitHub/PewGame/Config/DefaultEditorPerProjectUserSettings.ini" 98
"D:/GitHub/PewGame/Saved/Config/Windows/EditorPerProjectUserSettings.ini" 99
"../../../../../GitHub/PewGame/Intermediate/Config/CoalescedSourceConfigs/EditorPerProjectUserSettings.ini" 100
"../../../Engine/Config/BaseEditorSettings.ini" 101
"C:/Users/Palmen/AppData/Local/UnrealEngine/4.10/Saved/Config/Windows/EditorSettings.ini" 102
"../../../../../GitHub/PewGame/Intermediate/Config/CoalescedSourceConfigs/EditorSettings.ini" 103
"../../../Engine/Config/BaseEditorLayout.ini" 104
"C:/Users/Palmen/AppData/Local/UnrealEngine/4.10/Saved/Config/Windows/EditorLayout.ini" 105
"../../../../../GitHub/PewGame/Intermediate/Config/CoalescedSourceConfigs/EditorLayout.ini" 106
"../../../Engine/Config/BaseEditorKeyBindings.ini" 107
"C:/Users/Palmen/AppData/Local/UnrealEngine/4.10/Saved/Config/Windows/EditorKeyBindings.ini" 108
"../../../../../GitHub/PewGame/Intermediate/Config/CoalescedSourceConfigs/EditorKeyBindings.ini" 109
"../../../Engine/Config/BaseCompat.ini" 110
"D:/GitHub/PewGame/Saved/Config/Windows/Compat.ini" 111
"../../../../../GitHub/PewGame/Intermediate/Config/CoalescedSourceConfigs/Compat.ini" 112
"../../../Engine/Config/BaseLightmass.ini" 113
"D:/GitHub/PewGame/Saved/Config/Windows/Lightmass.ini" 114
"../../../../../GitHub/PewGame/Intermediate/Config/CoalescedSourceConfigs/Lightmass.ini" 115
"../../../Engine/Config/BaseScalability.ini" 116
"D:/GitHub/PewGame/Saved/Config/Windows/Scalability.ini" 117
"../../../../../GitHub/PewGame/Intermediate/Config/CoalescedSourceConfigs/Scalability.ini" 118
"D:/GitHub/PewGame/Saved/Config/Windows/GameUserSettings.ini" 119
"../../../../../GitHub/PewGame/Intermediate/Config/CoalescedSourceConfigs/GameUserSettings.ini" 120
"../../../Engine/Config/BaseDeviceProfiles.ini" 121
"D:/GitHub/PewGame/Saved/Config/Windows/DeviceProfiles.ini" 122
"../../../../../GitHub/PewGame/Intermediate/Config/CoalescedSourceConfigs/DeviceProfiles.ini" 123
"../../../Engine/Config/ConsoleVariables.ini" 124
"..\..\..\Engine\Content\Internationalization\icudt53l\es.res" 125
"..\..\..\Engine\Content\Internationalization\icudt53l\ja.res" 126
"..\..\..\Engine\Content\Internationalization\icudt53l\ko.res" 127
"..\..\..\Engine\Content\Internationalization\icudt53l\pt_BR.res" 128
"..\..\..\Engine\Content\Internationalization\icudt53l\pt.res" 129
"..\..\..\Engine\Content\Internationalization\icudt53l\zh_CN.res" 130
"..\..\..\Engine\Content\Internationalization\icudt53l\zh_Hans_CN.res" 131
"..\..\..\Engine\Content\Internationalization\icudt53l\zh_Hans.res" 132
"..\..\..\Engine\Content\Internationalization\icudt53l\zh.res" 133
"D:/Epic Games/4.10/Engine/Content/Localization/Editor/en/Editor.locres" 134
"D:/Epic Games/4.10/Engine/Content/Localization/EditorTutorials/en/EditorTutorials.locres" 135
"D:/Epic Games/4.10/Engine/Content/Localization/Keywords/en/Keywords.locres" 136
"D:/Epic Games/4.10/Engine/Content/Localization/Category/en/Category.locres" 137
"D:/Epic Games/4.10/Engine/Content/Localization/ToolTips/en/ToolTips.locres" 138
"D:/Epic Games/4.10/Engine/Content/Localization/PropertyNames/en/PropertyNames.locres" 139
"D:/Epic Games/4.10/Engine/Content/Localization/Engine/en/Engine.locres" 140
"../../../Engine/Content/Slate/Fonts/Roboto-Regular.ttf" 141
"../../../Engine/Content/Slate/Fonts/DroidSansMono.ttf" 142
"../../../Engine/Content/Slate/Fonts/Roboto-Bold.ttf" 143
"../../../Engine/Content/Slate/Fonts/Roboto-Light.ttf" 144
"D:/Epic Games/4.10/Engine/Binaries/Win64/../../../Engine/Shaders/ParticleSpriteVertexFactory.usf" 145
"D:/Epic Games/4.10/Engine/Binaries/Win64/../../../Engine/Shaders/VertexFactoryCommon.usf" 146
"D:/Epic Games/4.10/Engine/Binaries/Win64/../../../Engine/Shaders/Common.usf" 147
"D:/Epic Games/4.10/Engine/Binaries/Win64/../../../Engine/Shaders/MetalCommon.usf" 148
"D:/Epic Games/4.10/Engine/Binaries/Win64/../../../Engine/Shaders/ShaderVersion.usf" 149
"D:/Epic Games/4.10/Engine/Binaries/Win64/../../../Engine/Shaders/CommonViewUniformBuffer.usf" 150
"D:/Epic Games/4.10/Engine/Binaries/Win64/../../../Engine/Shaders/Definitions.usf" 151
"D:/Epic Games/4.10/Engine/Binaries/Win64/../../../Engine/Shaders/Random.usf" 152
"D:/Epic Games/4.10/Engine/Binaries/Win64/../../../Engine/Shaders/ParticleVertexFactoryCommon.usf" 153
"D:/Epic Games/4.10/Engine/Binaries/Win64/../../../Engine/Shaders/ParticleGPUSpriteVertexFactory.usf" 154
"D:/Epic Games/4.10/Engine/Binaries/Win64/../../../Engine/Shaders/ParticleBeamTrailVertexFactory.usf" 155
"D:/Epic Games/4.10/Engine/Binaries/Win64/../../../Engine/Shaders/LocalVertexFactory.usf" 156
"D:/Epic Games/4.10/Engine/Binaries/Win64/../../../Engine/Shaders/LocalVertexFactoryCommon.usf" 157
"D:/Epic Games/4.10/Engine/Binaries/Win64/../../../Engine/Shaders/VectorFieldVisualizationVertexFactory.usf" 158
"D:/Epic Games/4.10/Engine/Binaries/Win64/../../../Engine/Shaders/MeshParticleVertexFactory.usf" 159
"D:/Epic Games/4.10/Engine/Binaries/Win64/../../../Engine/Shaders/GpuSkinVertexFactory.usf" 160
"D:/Epic Games/4.10/Engine/Binaries/Win64/../../../Engine/Shaders/GpuSkinCacheCommon.usf" 161
"D:/Epic Games/4.10/Engine/Binaries/Win64/../../../Engine/Shaders/LandscapeVertexFactory.usf" 162
"D:/Epic Games/4.10/Engine/Binaries/Win64/../../../Engine/Shaders/SlateElementPixelShader.usf" 163
"D:/Epic Games/4.10/Engine/Binaries/Win64/../../../Engine/Shaders/GammaCorrectionCommon.usf" 164
"D:/Epic Games/4.10/Engine/Binaries/Win64/../../../Engine/Shaders/MaterialTemplate.usf" 165
"D:/Epic Games/4.10/Engine/Binaries/Win64/../../../Engine/Shaders/DepthOfFieldCommon.usf" 166
"D:/Epic Games/4.10/Engine/Binaries/Win64/../../../Engine/Shaders/GlobalDistanceFieldShared.usf" 167
"D:/Epic Games/4.10/Engine/Binaries/Win64/../../../Engine/Shaders/SpeedTreeCommon.usf" 168
"D:/Epic Games/4.10/Engine/Binaries/Win64/../../../Engine/Shaders/AtmosphereCommon.usf" 169
"D:/Epic Games/4.10/Engine/Binaries/Win64/../../../Engine/Shaders/PaniniProjection.usf" 170
"D:/Epic Games/4.10/Engine/Binaries/Win64/../../../Engine/Shaders/EyeAdaptationCommon.usf" 171
"D:/Epic Games/4.10/Engine/Binaries/Win64/../../../Engine/Shaders/PostProcessCommon.usf" 172
"D:/Epic Games/4.10/Engine/Binaries/Win64/../../../Engine/Shaders/DeferredShadingCommon.usf" 173
"D:/Epic Games/4.10/Engine/Binaries/Win64/../../../Engine/Shaders/LightAccumulator.usf" 174
"D:/Epic Games/4.10/Engine/Binaries/Win64/../../../Engine/Shaders/SlateVertexShader.usf" 175
"D:/Epic Games/4.10/Engine/Binaries/Win64/../../../Engine/Shaders/ParticleSortKeyGen.usf" 176
"D:/Epic Games/4.10/Engine/Binaries/Win64/../../../Engine/Shaders/ParticleBoundsShader.usf" 177
"D:/Epic Games/4.10/Engine/Binaries/Win64/../../../Engine/Shaders/ParticleSimVisualizeShader.usf" 178
"D:/Epic Games/4.10/Engine/Binaries/Win64/../../../Engine/Shaders/ParticleInjectionShader.usf" 179
"D:/Epic Games/4.10/Engine/Binaries/Win64/../../../Engine/Shaders/ParticleSimulationShader.usf" 180
"D:/Epic Games/4.10/Engine/Binaries/Win64/../../../Engine/Shaders/ParticleCurveInjectionShader.usf" 181
"D:/Epic Games/4.10/Engine/Binaries/Win64/../../../Engine/Shaders/VectorFieldCompositeShaders.usf" 182
"D:/Epic Games/4.10/Engine/Binaries/Win64/../../../Engine/Shaders/UpdateTextureShaders.usf" 183
"D:/Epic Games/4.10/Engine/Binaries/Win64/../../../Engine/Shaders/SimpleElementColorChannelMaskPixelShader.usf" 184
"D:/Epic Games/4.10/Engine/Binaries/Win64/../../../Engine/Shaders/SimpleElementPixelShader.usf" 185
"D:/Epic Games/4.10/Engine/Binaries/Win64/../../../Engine/Shaders/ColorUtils.usf" 186
"D:/Epic Games/4.10/Engine/Binaries/Win64/../../../Engine/Shaders/IESLightProfilesCommon.usf" 187
"D:/Epic Games/4.10/Engine/Binaries/Win64/../../../Engine/Shaders/SimpleElementHitProxyPixelShader.usf" 188
"D:/Epic Games/4.10/Engine/Binaries/Win64/../../../Engine/Shaders/SimpleElementVertexShader.usf" 189
"D:/Epic Games/4.10/Engine/Binaries/Win64/../../../Engine/Shaders/ScreenVertexShader.usf" 190
"D:/Epic Games/4.10/Engine/Binaries/Win64/../../../Engine/Shaders/ScreenPixelShader.usf" 191
"D:/Epic Games/4.10/Engine/Binaries/Win64/../../../Engine/Shaders/RadixSortShaders.usf" 192
"D:/Epic Games/4.10/Engine/Binaries/Win64/../../../Engine/Shaders/GpuSkinCacheComputeShader.usf" 193
"D:/Epic Games/4.10/Engine/Binaries/Win64/../../../Engine/Shaders/NullPixelShader.usf" 194
"D:/Epic Games/4.10/Engine/Binaries/Win64/../../../Engine/Shaders/LandscapeGrassWeight.usf" 195
"D:/Epic Games/4.10/Engine/Binaries/Win64/../../../Engine/Shaders/SimpleElementTexture2DPreviewPixelShader.usf" 196
"D:/Epic Games/4.10/Engine/Binaries/Win64/../../../Engine/Shaders/SimpleElementNormalMapPixelShader.usf" 197
"D:/Epic Games/4.10/Engine/Binaries/Win64/../../../Engine/Shaders/meshpaintdilatepixelshader.usf" 198
"D:/Epic Games/4.10/Engine/Binaries/Win64/../../../Engine/Shaders/meshpaintdilatevertexshader.usf" 199
"D:/Epic Games/4.10/Engine/Binaries/Win64/../../../Engine/Shaders/MeshPaintPixelShader.usf" 200
"D:/Epic Games/4.10/Engine/Binaries/Win64/../../../Engine/Shaders/MeshPaintVertexShader.usf" 201
"D:/Epic Games/4.10/Engine/Binaries/Win64/../../../Engine/Shaders/VisualizeTexture.usf" 202
"D:/Epic Games/4.10/Engine/Binaries/Win64/../../../Engine/Shaders/ScreenSpaceReflections.usf" 203
"D:/Epic Games/4.10/Engine/Binaries/Win64/../../../Engine/Shaders/BRDF.usf" 204
"D:/Epic Games/4.10/Engine/Binaries/Win64/../../../Engine/Shaders/MonteCarlo.usf" 205
"D:/Epic Games/4.10/Engine/Binaries/Win64/../../../Engine/Shaders/ScreenSpaceRayCast.usf" 206
"D:/Epic Games/4.10/Engine/Binaries/Win64/../../../Engine/Shaders/FilterVertexShader.usf" 207
"D:/Epic Games/4.10/Engine/Binaries/Win64/../../../Engine/Shaders/FilterPixelShader.usf" 208
"D:/Epic Games/4.10/Engine/Binaries/Win64/../../../Engine/Shaders/PostProcessVisualizeHDR.usf" 209
"D:/Epic Games/4.10/Engine/Binaries/Win64/../../../Engine/Shaders/PostProcessHistogramCommon.usf" 210
"D:/Epic Games/4.10/Engine/Binaries/Win64/../../../Engine/Shaders/TonemapCommon.usf" 211
"D:/Epic Games/4.10/Engine/Binaries/Win64/../../../Engine/Shaders/ACES.usf" 212
"D:/Epic Games/4.10/Engine/Binaries/Win64/../../../Engine/Shaders/MiniFontCommon.usf" 213
"D:/Epic Games/4.10/Engine/Binaries/Win64/../../../Engine/Shaders/PostProcessVisualizeBuffer.usf" 214
"D:/Epic Games/4.10/Engine/Binaries/Win64/../../../Engine/Shaders/PostProcessUpscale.usf" 215
"D:/Epic Games/4.10/Engine/Binaries/Win64/../../../Engine/Shaders/PostProcessTonemap.usf" 216
"D:/Epic Games/4.10/Engine/Binaries/Win64/../../../Engine/Shaders/PostProcessTestImage.usf" 217
"D:/Epic Games/4.10/Engine/Binaries/Win64/../../../Engine/Shaders/PostProcessTemporalAA.usf" 218
"D:/Epic Games/4.10/Engine/Binaries/Win64/../../../Engine/Shaders/PostProcessTemporalCommon.usf" 219
"D:/Epic Games/4.10/Engine/Binaries/Win64/../../../Engine/Shaders/PostProcessSubsurface.usf" 220
"D:/Epic Games/4.10/Engine/Binaries/Win64/../../../Engine/Shaders/SeparableSSS.usf" 221
"D:/Epic Games/4.10/Engine/Binaries/Win64/../../../Engine/Shaders/PostProcessSelectionOutline.usf" 222
"D:/Epic Games/4.10/Engine/Binaries/Win64/../../../Engine/Shaders/PostProcessSceneColorFringe.usf" 223
"D:/Epic Games/4.10/Engine/Binaries/Win64/../../../Engine/Shaders/PostProcessNoiseBlur.usf" 224
"D:/Epic Games/4.10/Engine/Binaries/Win64/../../../Engine/Shaders/PostProcessMotionBlur.usf" 225
"D:/Epic Games/4.10/Engine/Binaries/Win64/../../../Engine/Shaders/FastMath.usf" 226
"D:/Epic Games/4.10/Engine/Binaries/Win64/../../../Engine/Shaders/PostProcessVelocityFlatten.usf" 227
"D:/Epic Games/4.10/Engine/Binaries/Win64/../../../Engine/Shaders/PostProcessMobile.usf" 228
"D:/Epic Games/4.10/Engine/Binaries/Win64/../../../Engine/Shaders/PostProcessMaterialShaders.usf" 229
"D:/Epic Games/4.10/Engine/Binaries/Win64/../../../Engine/Shaders/PostProcessLensFlares.usf" 230
"D:/Epic Games/4.10/Engine/Binaries/Win64/../../../Engine/Shaders/PostProcessLensBlur.usf" 231
"D:/Epic Games/4.10/Engine/Binaries/Win64/../../../Engine/Shaders/PostProcessBloom.usf" 232
"D:/Epic Games/4.10/Engine/Binaries/Win64/../../../Engine/Shaders/PostProcessHMD.usf" 233
"D:/Epic Games/4.10/Engine/Binaries/Win64/../../../Engine/Shaders/PostProcessHistogramReduce.usf" 234
"D:/Epic Games/4.10/Engine/Binaries/Win64/../../../Engine/Shaders/PostProcessHistogram.usf" 235
"D:/Epic Games/4.10/Engine/Binaries/Win64/../../../Engine/Shaders/PostProcessHierarchical.usf" 236
"D:/Epic Games/4.10/Engine/Binaries/Win64/../../../Engine/Shaders/PostProcessGBufferHints.usf" 237
"D:/Epic Games/4.10/Engine/Binaries/Win64/../../../Engine/Shaders/PostProcessEyeAdaptation.usf" 238
"D:/Epic Games/4.10/Engine/Binaries/Win64/../../../Engine/Shaders/PostProcessDownsample.usf" 239
"D:/Epic Games/4.10/Engine/Binaries/Win64/../../../Engine/Shaders/PostProcessDOF.usf" 240
"D:/Epic Games/4.10/Engine/Binaries/Win64/../../../Engine/Shaders/PostProcessCompositeEditorPrimitives.usf" 241
"D:/Epic Games/4.10/Engine/Binaries/Win64/../../../Engine/Shaders/PostProcessCombineLUTs.usf" 242
"D:/Epic Games/4.10/Engine/Binaries/Win64/../../../Engine/Shaders/PostProcessCircleDOF.usf" 243
"D:/Epic Games/4.10/Engine/Binaries/Win64/../../../Engine/Shaders/CircleDOFCommon.usf" 244
"D:/Epic Games/4.10/Engine/Binaries/Win64/../../../Engine/Shaders/PostProcessBusyWait.usf" 245
"D:/Epic Games/4.10/Engine/Binaries/Win64/../../../Engine/Shaders/PostProcessBokehDOF.usf" 246
"D:/Epic Games/4.10/Engine/Binaries/Win64/../../../Engine/Shaders/PostProcessVisualizeDOF.usf" 247
"D:/Epic Games/4.10/Engine/Binaries/Win64/../../../Engine/Shaders/FXAAShader.usf" 248
"D:/Epic Games/4.10/Engine/Binaries/Win64/../../../Engine/Shaders/Fxaa3_11.usf" 249
"D:/Epic Games/4.10/Engine/Binaries/Win64/../../../Engine/Shaders/PostProcessPassThrough.usf" 250
"D:/Epic Games/4.10/Engine/Binaries/Win64/../../../Engine/Shaders/PostProcessLpvIndirect.usf" 251
"D:/Epic Games/4.10/Engine/Binaries/Win64/../../../Engine/Shaders/DeferredLightingCommon.usf" 252
"D:/Epic Games/4.10/Engine/Binaries/Win64/../../../Engine/Shaders/DynamicLightingCommon.usf" 253
"D:/Epic Games/4.10/Engine/Binaries/Win64/../../../Engine/Shaders/ShadingModels.usf" 254
"D:/Epic Games/4.10/Engine/Binaries/Win64/../../../Engine/Shaders/LPVFinalPass.usf" 255
"D:/Epic Games/4.10/Engine/Binaries/Win64/../../../Engine/Shaders/LPVCommon.usf" 256
"D:/Epic Games/4.10/Engine/Binaries/Win64/../../../Engine/Shaders/DeferredDecal.usf" 257
"D:/Epic Games/4.10/Engine/Binaries/Win64/../../../Engine/Shaders/PostProcessAmbientOcclusion.usf" 258
"D:/Epic Games/4.10/Engine/Binaries/Win64/../../../Engine/Shaders/PostProcessAmbient.usf" 259
"D:/Epic Games/4.10/Engine/Binaries/Win64/../../../Engine/Shaders/CubemapCommon.usf" 260
"D:/Epic Games/4.10/Engine/Binaries/Win64/../../../Engine/Shaders/VelocityShader.usf" 261
"D:/Epic Games/4.10/Engine/Binaries/Win64/../../../Engine/Shaders/VelocityCommon.usf" 262
"D:/Epic Games/4.10/Engine/Binaries/Win64/../../../Engine/Shaders/Tessellation.usf" 263
"D:/Epic Games/4.10/Engine/Binaries/Win64/../../../Engine/Shaders/FlatTessellation.usf" 264
"D:/Epic Games/4.10/Engine/Binaries/Win64/../../../Engine/Shaders/PNTriangles.usf" 265
"D:/Epic Games/4.10/Engine/Binaries/Win64/../../../Engine/Shaders/TranslucentLightingShaders.usf" 266
"D:/Epic Games/4.10/Engine/Binaries/Win64/../../../Engine/Shaders/SHCommon.usf" 267
"D:/Epic Games/4.10/Engine/Binaries/Win64/../../../Engine/Shaders/ShadowProjectionCommon.usf" 268
"D:/Epic Games/4.10/Engine/Binaries/Win64/../../../Engine/Shaders/TranslucentLightInjectionShaders.usf" 269
"D:/Epic Games/4.10/Engine/Binaries/Win64/../../../Engine/Shaders/LightFunctionCommon.usf" 270
"D:/Epic Games/4.10/Engine/Binaries/Win64/../../../Engine/Shaders/TranslucentShadowDepthShaders.usf" 271
"D:/Epic Games/4.10/Engine/Binaries/Win64/../../../Engine/Shaders/ShadowDepthCommon.usf" 272
"D:/Epic Games/4.10/Engine/Binaries/Win64/../../../Engine/Shaders/TiledDeferredLightShaders.usf" 273
"D:/Epic Games/4.10/Engine/Binaries/Win64/../../../Engine/Shaders/SurfelTree.usf" 274
"D:/Epic Games/4.10/Engine/Binaries/Win64/../../../Engine/Shaders/DistanceFieldLightingShared.usf" 275
"D:/Epic Games/4.10/Engine/Binaries/Win64/../../../Engine/Shaders/SurfelMaterialShared.usf" 276
"D:/Epic Games/4.10/Engine/Binaries/Win64/../../../Engine/Shaders/DistanceFieldAOShared.usf" 277
"D:/Epic Games/4.10/Engine/Binaries/Win64/../../../Engine/Shaders/ShadowProjectionPixelShader.usf" 278
"D:/Epic Games/4.10/Engine/Binaries/Win64/../../../Engine/Shaders/ShadowFilteringCommon.usf" 279
"D:/Epic Games/4.10/Engine/Binaries/Win64/../../../Engine/Shaders/ShadowProjectionVertexShader.usf" 280
"D:/Epic Games/4.10/Engine/Binaries/Win64/../../../Engine/Shaders/ShadowDepthPixelShader.usf" 281
"D:/Epic Games/4.10/Engine/Binaries/Win64/../../../Engine/Shaders/LPVWriteVplCommon.usf" 282
"D:/Epic Games/4.10/Engine/Binaries/Win64/../../../Engine/Shaders/LPVWriteCommon.usf" 283
"D:/Epic Games/4.10/Engine/Binaries/Win64/../../../Engine/Shaders/ShadowDepthVertexShader.usf" 284
"D:/Epic Games/4.10/Engine/Binaries/Win64/../../../Engine/Shaders/ShaderComplexityApplyPixelShader.usf" 285
"D:/Epic Games/4.10/Engine/Binaries/Win64/../../../Engine/Shaders/ShaderComplexityApplyVertexShader.usf" 286
"D:/Epic Games/4.10/Engine/Binaries/Win64/../../../Engine/Shaders/ShaderComplexityAccumulatePixelShader.usf" 287
"D:/Epic Games/4.10/Engine/Binaries/Win64/../../../Engine/Shaders/HZBOcclusion.usf" 288
"D:/Epic Games/4.10/Engine/Binaries/Win64/../../../Engine/Shaders/OcclusionQueryVertexShader.usf" 289
"D:/Epic Games/4.10/Engine/Binaries/Win64/../../../Engine/Shaders/HitProxyPixelShader.usf" 290
"D:/Epic Games/4.10/Engine/Binaries/Win64/../../../Engine/Shaders/HitProxyVertexShader.usf" 291
"D:/Epic Games/4.10/Engine/Binaries/Win64/../../../Engine/Shaders/ReflectionEnvironmentShaders.usf" 292
"D:/Epic Games/4.10/Engine/Binaries/Win64/../../../Engine/Shaders/ReflectionEnvironmentShared.usf" 293
"D:/Epic Games/4.10/Engine/Binaries/Win64/../../../Engine/Shaders/SkyLightingShared.usf" 294
"D:/Epic Games/4.10/Engine/Binaries/Win64/../../../Engine/Shaders/ReflectionEnvironmentComputeShaders.usf" 295
"D:/Epic Games/4.10/Engine/Binaries/Win64/../../../Engine/Shaders/LightShaftShader.usf" 296
"D:/Epic Games/4.10/Engine/Binaries/Win64/../../../Engine/Shaders/StationaryLightOverlapShaders.usf" 297
"D:/Epic Games/4.10/Engine/Binaries/Win64/../../../Engine/Shaders/DeferredLightPixelShaders.usf" 298
"D:/Epic Games/4.10/Engine/Binaries/Win64/../../../Engine/Shaders/DeferredLightVertexShaders.usf" 299
"D:/Epic Games/4.10/Engine/Binaries/Win64/../../../Engine/Shaders/LPVVisualise.usf" 300
"D:/Epic Games/4.10/Engine/Binaries/Win64/../../../Engine/Shaders/LPVGeometryVolumeCommon.usf" 301
"D:/Epic Games/4.10/Engine/Binaries/Win64/../../../Engine/Shaders/LPVDirectLightInject.usf" 302
"D:/Epic Games/4.10/Engine/Binaries/Win64/../../../Engine/Shaders/LPVPropagate.usf" 303
"D:/Epic Games/4.10/Engine/Binaries/Win64/../../../Engine/Shaders/LPVPacking.usf" 304
"D:/Epic Games/4.10/Engine/Binaries/Win64/../../../Engine/Shaders/LPVBuildGeometryVolume.usf" 305
"D:/Epic Games/4.10/Engine/Binaries/Win64/../../../Engine/Shaders/LpvDirectionalOcclusion.usf" 306
"D:/Epic Games/4.10/Engine/Binaries/Win64/../../../Engine/Shaders/LPVInject_AccumulateVplLists.usf" 307
"D:/Epic Games/4.10/Engine/Binaries/Win64/../../../Engine/Shaders/LPVInject_GenerateVplLists.usf" 308
"D:/Epic Games/4.10/Engine/Binaries/Win64/../../../Engine/Shaders/LPVClearLists.usf" 309
"D:/Epic Games/4.10/Engine/Binaries/Win64/../../../Engine/Shaders/LPVClear.usf" 310
"D:/Epic Games/4.10/Engine/Binaries/Win64/../../../Engine/Shaders/LightMapDensityShader.usf" 311
"D:/Epic Games/4.10/Engine/Binaries/Win64/../../../Engine/Shaders/LightFunctionPixelShader.usf" 312
"D:/Epic Games/4.10/Engine/Binaries/Win64/../../../Engine/Shaders/LightFunctionVertexShader.usf" 313
"D:/Epic Games/4.10/Engine/Binaries/Win64/../../../Engine/Shaders/HeightfieldLighting.usf" 314
"D:/Epic Games/4.10/Engine/Binaries/Win64/../../../Engine/Shaders/DistanceFieldShadowingShared.usf" 315
"D:/Epic Games/4.10/Engine/Binaries/Win64/../../../Engine/Shaders/HdrCustomResolveShaders.usf" 316
"D:/Epic Games/4.10/Engine/Binaries/Win64/../../../Engine/Shaders/GPUBenchmark.usf" 317
"D:/Epic Games/4.10/Engine/Binaries/Win64/../../../Engine/Shaders/GlobalDistanceField.usf" 318
"D:/Epic Games/4.10/Engine/Binaries/Win64/../../../Engine/Shaders/GammaCorrection.usf" 319
"D:/Epic Games/4.10/Engine/Binaries/Win64/../../../Engine/Shaders/BasePassForForwardShadingPixelShader.usf" 320
"D:/Epic Games/4.10/Engine/Binaries/Win64/../../../Engine/Shaders/BasePassForForwardShadingCommon.usf" 321
"D:/Epic Games/4.10/Engine/Binaries/Win64/../../../Engine/Shaders/LightmapCommon.usf" 322
"D:/Epic Games/4.10/Engine/Binaries/Win64/../../../Engine/Shaders/BasePassForForwardShadingVertexShader.usf" 323
"D:/Epic Games/4.10/Engine/Binaries/Win64/../../../Engine/Shaders/HeightFogCommon.usf" 324
"D:/Epic Games/4.10/Engine/Binaries/Win64/../../../Engine/Shaders/HeightFogPixelShader.usf" 325
"D:/Epic Games/4.10/Engine/Binaries/Win64/../../../Engine/Shaders/HeightFogVertexShader.usf" 326
"D:/Epic Games/4.10/Engine/Binaries/Win64/../../../Engine/Shaders/DistortAccumulatePS.usf" 327
"D:/Epic Games/4.10/Engine/Binaries/Win64/../../../Engine/Shaders/DistortAccumulateVS.usf" 328
"D:/Epic Games/4.10/Engine/Binaries/Win64/../../../Engine/Shaders/DistortApplyScreenPS.usf" 329
"D:/Epic Games/4.10/Engine/Binaries/Win64/../../../Engine/Shaders/DistanceFieldSurfaceCacheLighting.usf" 330
"D:/Epic Games/4.10/Engine/Binaries/Win64/../../../Engine/Shaders/SkyLighting.usf" 331
"D:/Epic Games/4.10/Engine/Binaries/Win64/../../../Engine/Shaders/DistanceFieldSurfaceCacheLightingCompute.usf" 332
"D:/Epic Games/4.10/Engine/Binaries/Win64/../../../Engine/Shaders/DistanceFieldShadowing.usf" 333
"D:/Epic Games/4.10/Engine/Binaries/Win64/../../../Engine/Shaders/DistanceFieldScreenGridLighting.usf" 334
"D:/Epic Games/4.10/Engine/Binaries/Win64/../../../Engine/Shaders/DistanceFieldLightingPost.usf" 335
"D:/Epic Games/4.10/Engine/Binaries/Win64/../../../Engine/Shaders/DistanceFieldGlobalIllumination.usf" 336
"D:/Epic Games/4.10/Engine/Binaries/Win64/../../../Engine/Shaders/DepthOnlyPixelShader.usf" 337
"D:/Epic Games/4.10/Engine/Binaries/Win64/../../../Engine/Shaders/DepthOnlyVertexShader.usf" 338
"D:/Epic Games/4.10/Engine/Binaries/Win64/../../../Engine/Shaders/PositionOnlyDepthVertexShader.usf" 339
"D:/Epic Games/4.10/Engine/Binaries/Win64/../../../Engine/Shaders/DownsampleDepthPixelShader.usf" 340
"D:/Epic Games/4.10/Engine/Binaries/Win64/../../../Engine/Shaders/EvaluateSurfelMaterial.usf" 341
"D:/Epic Games/4.10/Engine/Binaries/Win64/../../../Engine/Shaders/ConvertToUniformMesh.usf" 342
"D:/Epic Games/4.10/Engine/Binaries/Win64/../../../Engine/Shaders/BasePassPixelShader.usf" 343
"D:/Epic Games/4.10/Engine/Binaries/Win64/../../../Engine/Shaders/BasePassCommon.usf" 344
"D:/Epic Games/4.10/Engine/Binaries/Win64/../../../Engine/Shaders/ForEachLight.usf" 345
"D:/Epic Games/4.10/Engine/Binaries/Win64/../../../Engine/Shaders/BasePassVertexShader.usf" 346
"D:/Epic Games/4.10/Engine/Binaries/Win64/../../../Engine/Shaders/BasePassVertexCommon.usf" 347
"D:/Epic Games/4.10/Engine/Binaries/Win64/../../../Engine/Shaders/BasePassTessellationShaders.usf" 348
"D:/Epic Games/4.10/Engine/Binaries/Win64/../../../Engine/Shaders/AtmospherePrecompute.usf" 349
"D:/Epic Games/4.10/Engine/Binaries/Win64/../../../Engine/Shaders/AtmospherePrecomputeCommon.usf" 350
"D:/Epic Games/4.10/Engine/Binaries/Win64/../../../Engine/Shaders/AtmospherePrecomputeInscatter.usf" 351
"D:/Epic Games/4.10/Engine/Binaries/Win64/../../../Engine/Shaders/AtmosphericFogShader.usf" 352
"D:/Epic Games/4.10/Engine/Binaries/Win64/../../../Engine/Shaders/ResolveVertexShader.usf" 353
"D:/Epic Games/4.10/Engine/Binaries/Win64/../../../Engine/Shaders/ResolvePixelShader.usf" 354
"D:/Epic Games/4.10/Engine/Binaries/Win64/../../../Engine/Shaders/OneColorShader.usf" 355
"D:/Epic Games/4.10/Engine/Binaries/Win64/../../../Engine/Shaders/MediaShaders.usf" 356
"D:/Epic Games/4.10/Engine/Binaries/Win64/../../../Engine/Shaders/ClearReplacementShaders.usf" 357
"../../../Engine/Config/Android/AndroidEngine.ini" 358
"../../../Engine/Config/IOS/IOSEngine.ini" 359
"../../../Engine/Config/Linux/LinuxEngine.ini" 360
"C:/Users/Palmen/AppData/Local/UnrealEngine/4.10/DerivedDataCache/Boot.ddc" 361
"../../../Engine/DerivedDataCache/Compressed.ddp" 362
"../../../Engine/Content/EditorResources/S_Actor.uasset" 363
"D:/GitHub/PewGame/Saved/Config/Windows/GameplayTags.ini" 364
"../../../../../GitHub/PewGame/Intermediate/Config/CoalescedSourceConfigs/GameplayTags.ini" 365
"D:/GitHub/PewGame/Saved/Config/Windows/TemplateDefs.ini" 366
"../../../../../GitHub/PewGame/Intermediate/Config/CoalescedSourceConfigs/TemplateDefs.ini" 367
"../../../Engine/Content/Maps/Templates/Thumbnails/Default.uasset" 368
"../../../Engine/Content/EditorMaterials/ParticleSystems/PSysThumbnail_NoImage.uasset" 369
"../../../Engine/Content/EditorMaterials/ParticleSystems/PSysThumbnail_OOD.uasset" 370
"../../../Engine/Content/EditorLandscapeResources/DataLayer.uasset" 371
"../../../Engine/Content/EngineFonts/Roboto.uasset" 372
"../../../Engine/Content/EngineMaterials/Widget3DPassThrough_Translucent.uasset" 373
"../../../Engine/Content/EngineMaterials/Widget3DPassThrough.uasset" 374
"../../../Engine/Content/Functions/Engine_MaterialFunctions02/Texturing/ScreenAlignedUVs.uasset" 375
"../../../Engine/Content/EngineResources/WhiteSquareTexture.uasset" 376
"../../../Engine/Content/Functions/Engine_MaterialFunctions01/Shading/PowerToRoughness.uasset" 377
"../../../Engine/Content/Functions/Engine_MaterialFunctions01/Shading/ConvertFromDiffSpec.uasset" 378
"../../../Engine/Content/EngineMaterials/WorldGridMaterial.uasset" 379
"../../../Engine/Content/Functions/Engine_MaterialFunctions01/Opacity/CameraDepthFade.uasset" 380
"../../../Engine/Content/EngineMaterials/T_Default_Material_Grid_M.uasset" 381
"../../../Engine/Content/EngineMaterials/T_Default_Material_Grid_N.uasset" 382
"../../../Engine/Content/EngineMaterials/DefaultDeferredDecalMaterial.uasset" 383
"../../../Engine/Content/EngineMaterials/DefaultDiffuse.uasset" 384
"../../../Engine/Content/EngineMaterials/DefaultLightFunctionMaterial.uasset" 385
"../../../Engine/Content/EngineMaterials/DefaultPostProcessMaterial.uasset" 386
"../../../Engine/Content/Functions/Engine_MaterialFunctions02/Utility/BreakOutFloat2Components.uasset" 387
"../../../Engine/Content/EngineResources/DefaultTexture.uasset" 388
"../../../Engine/Content/EngineMaterials/Widget3DPassThrough_Translucent_OneSided.uasset" 389
"../../../Engine/Content/EngineMaterials/Widget3DPassThrough_Opaque.uasset" 390
"../../../Engine/Content/EngineMaterials/Widget3DPassThrough_Opaque_OneSided.uasset" 391
"../../../Engine/Content/EngineMaterials/Widget3DPassThrough_Masked.uasset" 392
"../../../Engine/Content/EngineMaterials/Widget3DPassThrough_Masked_OneSided.uasset" 393
"../../../Engine/Content/EngineDamageTypes/DmgTypeBP_Environmental.uasset" 394
"..\..\..\Engine\Content\Internationalization\icudt53l\numberingSystems.res" 395
"..\..\..\Engine\Content\Internationalization\icudt53l\curr\supplementalData.res" 396
"..\..\..\Engine\Content\Internationalization\icudt53l\curr\pool.res" 397
"..\..\..\Engine\Content\Internationalization\icudt53l\curr\en_GB.res" 398
"..\..\..\Engine\Content\Internationalization\icudt53l\curr\en_001.res" 399
"..\..\..\Engine\Content\Internationalization\icudt53l\curr\en.res" 400
"..\..\..\Engine\Content\Internationalization\icudt53l\curr\root.res" 401
"../../../Engine/Content/EngineMeshes/Sphere.uasset" 402
"../../../Engine/Content/EngineFonts/RobotoDistanceField.uasset" 403
"../../../Engine/Content/EngineMaterials/DefaultTextMaterialOpaque.uasset" 404
"../../../Engine/Content/EditorResources/S_Trigger.uasset" 405
"../../../Engine/Content/EngineResources/GradientTexture0.uasset" 406
"../../../Engine/Content/EngineResources/Black.uasset" 407
"../../../Engine/Content/EditorMaterials/MatineeGroups/MAT_Groups_Float.uasset" 408
"../../../Engine/Content/EditorMaterials/MatineeGroups/MAT_Groups_Director.uasset" 409
"../../../Engine/Content/EditorMaterials/MatineeGroups/MAT_Groups_Event.uasset" 410
"../../../Engine/Content/EditorMaterials/MatineeGroups/MAT_Groups_Anim.uasset" 411
"../../../Engine/Content/EditorMaterials/MatineeGroups/MAT_Groups_Fade.uasset" 412
"../../../Engine/Content/EditorMaterials/MatineeGroups/MAT_Groups_Move.uasset" 413
"../../../Engine/Content/EditorMaterials/MatineeGroups/MAT_Groups_Slomo.uasset" 414
"../../../Engine/Content/EditorMaterials/MatineeGroups/MAT_ColorTrack.uasset" 415
"../../../Engine/Content/EditorMaterials/MAT_Groups_Toggle.uasset" 416
"../../../Engine/Content/EditorMaterials/MatineeGroups/MAT_Groups_AudioMaster.uasset" 417
"../../../Engine/Content/EditorMaterials/MatineeGroups/MAT_Groups_Sound.uasset" 418
"../../../Engine/Content/EditorMaterials/MatineeGroups/MAT_Groups_Vector.uasset" 419
"../../../Engine/Content/EditorMaterials/MAT_Groups_Visibility.uasset" 420
"../../../Engine/Content/EngineResources/DefaultTextureCube.uasset" 421
"../../../Engine/Content/EngineSounds/Master.uasset" 422
"../../../Engine/Content/EngineSounds/Music.uasset" 423
"../../../Engine/Content/EngineSounds/SFX.uasset" 424
"../../../Engine/Content/EngineSounds/Normal_Attack.uasset" 425
"../../../Engine/Content/EngineSounds/Special_Attack_PSM.uasset" 426
"../../../Engine/Content/EngineSounds/Duck_Normal_Attack_MixMod.uasset" 427
"../../../Engine/Content/EngineSounds/Voice.uasset" 428
"../../../Engine/Content/EngineMeshes/Cylinder.uasset" 429
"../../../Engine/Content/EngineMaterials/DefaultMaterial.uasset" 430
"../../../Engine/Content/EngineTireTypes/DefaultTireType.uasset" 431
"../../../Engine/Content/Editor/Slate/Fonts/FontAwesome.ttf" 432
"../../../Engine/Content/Editor/Slate/Fonts/DroidSansMono.ttf" 433
"../../../Engine/Content/Editor/Slate/Fonts/Roboto-BoldCondensed.ttf" 434
"../../../Engine/Content/Editor/Slate/Fonts/Roboto-Black.ttf" 435
"../../../Engine/Content/Editor/Slate/Fonts/Roboto-Italic.ttf" 436
"../../../Engine/Content/Editor/Slate/Fonts/Roboto-BoldCondensedItalic.ttf" 437
"..\..\..\Engine\Content\Internationalization\icudt53l\coll\ucadata.icu" 438
"..\..\..\Engine\Content\Internationalization\icudt53l\nfc.nrm" 439
"..\..\..\Engine\Content\Internationalization\icudt53l\coll\en.res" 440
"..\..\..\Engine\Content\Internationalization\icudt53l\coll\root.res" 441
"../../../Engine/Content/EngineResources/AICON-Red.uasset" 442
"../../../Engine/Content/EngineResources/AICON-Green.uasset" 443
"../../../Engine/Content/Tutorial/Basics/LevelEditorAttract.uasset" 444
"../../../Engine/Content/Tutorial/Basics/LevelEditorOverview.uasset" 445
"../../../Engine/Content/Tutorial/Basics/TutorialAssets/icon_tab_Levels_40x.uasset" 446
"../../../Engine/Content/Tutorial/ContentIntroCurve.uasset" 447
"../../../Engine/Plugins/2D/Paper2D/Content/MaskedUnlitSpriteMaterial.uasset" 448
"../../../Engine/Plugins/2D/Paper2D/Content/DefaultSpriteMaterial.uasset" 449
"../../../Engine/Plugins/2D/Paper2D/Content/PlaceholderTextures/DummySpriteTexture.uasset" 450
"../../../Engine/Plugins/2D/Paper2D/Content/OpaqueUnlitSpriteMaterial.uasset" 451
"../../../Engine/Plugins/2D/Paper2D/Content/DefaultPaperTerrainMaterial.uasset" 452
"../../../Engine/Plugins/2D/Paper2D/Content/DummySprite.uasset" 453
"../../../Engine/Plugins/2D/Paper2D/Content/DummySpriteTexture.uasset" 454
"C:/Users/Palmen/AppData/Local/UnrealEngine/4.10/Saved/Config/Windows/SourceControlSettings.ini" 455
"../../../../../GitHub/PewGame/Intermediate/Config/CoalescedSourceConfigs/SourceControlSettings.ini" 456
"D:/GitHub/PewGame/Saved/Config/Windows/SourceControlSettings.ini" 457
"../../../Engine/Plugins/Runtime/LeapMotionController/Content/LM_CapsuleMesh.uasset" 458
"../../../Engine/Plugins/Runtime/LeapMotionController/Content/LM_TorusMesh.uasset" 459
"../../../Engine/Plugins/Runtime/LeapMotionController/Content/LM_HandColor.uasset" 460
"../../../Engine/Plugins/Runtime/LeapMotionController/Content/LM_PassthroughMaterial.uasset" 461
"../../../Engine/Plugins/Runtime/LeapMotionController/Content/LM_SampleDistortion.uasset" 462
"../../../Engine/Plugins/Runtime/LeapMotionController/Content/LM_TestTexture.uasset" 463
"../../../Engine/Content/BasicShapes/Cube.uasset" 464
"../../../Engine/Content/EngineMaterials/RemoveSurfaceMaterial.uasset" 465
"../../../Engine/Content/EngineDebugMaterials/DebugMeshMaterial.uasset" 466
"../../../Engine/Content/EngineMaterials/M_InvalidLightmapSettings.uasset" 467
"../../../Engine/Content/EngineMaterials/InvalidLightmapSettings.uasset" 468
"../../../Engine/Content/EditorMaterials/GizmoMaterial.uasset" 469
"../../../Engine/Content/EngineMaterials/Good64x64TilingNoiseHighFreq.uasset" 470
"../../../Engine/Content/EngineMaterials/DefaultBokeh.uasset" 471
"../../../Engine/Content/EngineMaterials/PreintegratedSkinBRDF.uasset" 472
"../../../Engine/Content/EngineMaterials/MiniFont.uasset" 473
"../../../Engine/Content/EngineMaterials/WeightMapPlaceholderTexture.uasset" 474
"../../../Engine/Content/EngineMaterials/DefaultWhiteGrid.uasset" 475
"../../../Engine/Content/EngineMaterials/DefaultPhysicalMaterial.uasset" 476
"../../../Engine/Content/EngineFonts/RobotoTiny.uasset" 477
"C:/Users/Palmen/AppData/Local/UnrealEngine/4.10/Saved/AutoLoadProject.txt" 478
"../../../../../GitHub/PewGame/Intermediate/CachedAssetRegistry.bin" 479
"D:/GitHub/PewGame/Saved/Cooked/WindowsNoEditor/Pew_Game/CookedIniVersion.txt" 480
"../../../Engine/Config/HTML5/HTML5Engine.ini" 481
"../../../Engine/Content/MobileResources/HUD/VirtualJoystick_Thumb.uasset" 482
"../../../../../GitHub/PewGame/Content/PewGame/GameMode/PewGame_GameMode.uasset" 483
"../../../Engine/Content/EditorBlueprintResources/ActorMacros.uasset" 484
"../../../Engine/Content/EditorBlueprintResources/StandardMacros.uasset" 485
"../../../../../GitHub/PewGame/Content/PewGame/BP/BP_PewCharacter.uasset" 486
"../../../../../GitHub/PewGame/Content/PewGame/Meshes/Arms/Arms_FPS_Skeleton_Skeleton_AnimBlueprint.uasset" 487
"../../../../../GitHub/PewGame/Content/PewGame/Meshes/Arms/Arms_FPS_Anim_Default.uasset" 488
"../../../../../GitHub/PewGame/Content/PewGame/Meshes/Arms/Arms_FPS_Skeleton_Skeleton.uasset" 489
"../../../../../GitHub/PewGame/Content/PewGame/Meshes/Arms/Arms_FPS_Anim_Sprint.uasset" 490
"../../../../../GitHub/PewGame/Content/PewGame/Meshes/Arms/Arms_FPS_Anim_Walk.uasset" 491
"../../../../../GitHub/PewGame/Content/PewGame/Meshes/Arms/Arms_FPS_Montage.uasset" 492
"../../../../../GitHub/PewGame/Content/PewGame/Meshes/Arms/Arms_FPS_Anim_Recoil.uasset" 493
"../../../../../GitHub/PewGame/Content/PewGame/BP/BP_FPWeapon.uasset" 494
"../../../../../GitHub/PewGame/Content/PewGame/Textures/Weapon_mat_inst.uasset" 495
"../../../../../GitHub/PewGame/Content/PewGame/Textures/Weapon_Basemat.uasset" 496
"../../../../../GitHub/PewGame/Content/PewGame/Meshes/Weapon/body_normalcavity.uasset" 497
"../../../../../GitHub/PewGame/Content/PewGame/Meshes/Weapon/dirtmask.uasset" 498
"../../../../../GitHub/PewGame/Content/PewGame/Meshes/Weapon/Sniper_Body_albedo.uasset" 499
"../../../../../GitHub/PewGame/Content/PewGame/Meshes/Weapon/Sniper_Body_ao.uasset" 500
"../../../../../GitHub/PewGame/Content/PewGame/Meshes/Weapon/Sniper_Body_metalness.uasset" 501
"../../../../../GitHub/PewGame/Content/PewGame/Meshes/Weapon/Sniper_Body_normal.uasset" 502
"../../../../../GitHub/PewGame/Content/PewGame/Meshes/Weapon/Sniper_Body_roughness.uasset" 503
"../../../../../GitHub/PewGame/Content/Mesh/Sniper_Body_albedo.uasset" 504
"../../../../../GitHub/PewGame/Content/Mesh/Sniper_Body_ao.uasset" 505
"../../../../../GitHub/PewGame/Content/Mesh/Sniper_Body_metalness.uasset" 506
"../../../../../GitHub/PewGame/Content/Mesh/Sniper_Body_normal.uasset" 507
"../../../../../GitHub/PewGame/Content/Mesh/Sniper_Body_roughness.uasset" 508
"../../../../../GitHub/PewGame/Content/PewGame/Meshes/Weapon/Body.uasset" 509
"../../../../../GitHub/PewGame/Content/PewGame/Meshes/Weapon/Parameter.uasset" 510
"../../../../../GitHub/PewGame/Content/PewGame/Meshes/Weapon/Cylinder113Mat.uasset" 511
"../../../../../GitHub/PewGame/Content/PewGame/Meshes/Weapon/Weapon_Sights.uasset" 512
"../../../../../GitHub/PewGame/Content/PewGame/Textures/Weapon_sight_mat_inst.uasset" 513
"../../../../../GitHub/PewGame/Content/PewGame/Textures/Flipsight_albedo.uasset" 514
"../../../../../GitHub/PewGame/Content/PewGame/Textures/Flipsight_ao.uasset" 515
"../../../../../GitHub/PewGame/Content/PewGame/Textures/Flipsight_emissive.uasset" 516
"../../../../../GitHub/PewGame/Content/PewGame/Textures/Flipsight_metalness.uasset" 517
"../../../../../GitHub/PewGame/Content/PewGame/Textures/Flipsight_normal.uasset" 518
"../../../../../GitHub/PewGame/Content/PewGame/Textures/Flipsight_roughness.uasset" 519
"../../../../../GitHub/PewGame/Content/PewGame/BP/BP_PewHUD.uasset" 520
"../../../../../GitHub/PewGame/Content/PewGame/Meshes/Arms/Arms_FPS_Skeleton.uasset" 521
"../../../../../GitHub/PewGame/Content/PewGame/Textures/ct_arms_Mat.uasset" 522
"../../../../../GitHub/PewGame/Content/PewGame/Textures/ct_arms.uasset" 523
"../../../../../GitHub/PewGame/Content/PewGame/Textures/ct_arms_normal.uasset" 524
"../../../../../GitHub/PewGame/Content/PewGame/Meshes/Arms/Arms_FPS_Skeleton_PhysicsAsset.uasset" 525
"../../../../../GitHub/PewGame/Content/Geometry/Meshes/1M_Cube.uasset" 526
"../../../../../GitHub/PewGame/Content/Geometry/Meshes/CubeMaterial.uasset" 527
"../../../../../GitHub/PewGame/Content/PewGame/Textures/MasterMat/Walls/Wall_Concrete_white.uasset" 528
"../../../../../GitHub/PewGame/Content/PewGame/Textures/MasterMat/Master_Tilable_textures.uasset" 529
"../../../Engine/Content/Functions/Engine_MaterialFunctions01/Gradient/LinearGradient.uasset" 530
"../../../Engine/Content/Functions/Engine_MaterialFunctions01/ImageAdjustment/CheapContrast.uasset" 531
"../../../Engine/Content/Functions/Engine_MaterialFunctions02/Texturing/CustomRotator.uasset" 532
"../../../../../GitHub/PewGame/Content/PewGame/Textures/BumpOffsetWorldAligned.uasset" 533
"../../../../../GitHub/PewGame/Content/PewGame/Textures/MasterMat/RockMoss/Height.uasset" 534
"../../../../../GitHub/PewGame/Content/PewGame/Textures/MasterMat/Bitmap2Material_3__Base_Color___id_basecolor_.uasset" 535
"../../../../../GitHub/PewGame/Content/PewGame/Textures/MasterMat/Bitmap2Material_3__Normal___id_normal_.uasset" 536
"../../../../../GitHub/PewGame/Content/PewGame/Textures/MasterMat/Bitmap2Material_3__Roughness___id_roughness_.uasset" 537
"../../../../../GitHub/PewGame/Content/PewGame/Textures/MasterMat/Supershotty/Body_ao.uasset" 538
"../../../../../GitHub/PewGame/Content/StarterContent/Textures/T_Concrete_Poured_D.uasset" 539
"../../../../../GitHub/PewGame/Content/StarterContent/Textures/T_Concrete_Poured_N.uasset" 540
"../../../../../GitHub/PewGame/Content/StarterContent/Textures/T_Concrete_Tiles_D.uasset" 541
"../../../../../GitHub/PewGame/Content/StarterContent/Materials/M_Wood_Oak.uasset" 542
"../../../../../GitHub/PewGame/Content/StarterContent/Textures/T_MacroVariation.uasset" 543
"../../../../../GitHub/PewGame/Content/StarterContent/Textures/T_Wood_Oak_D.uasset" 544
"../../../../../GitHub/PewGame/Content/StarterContent/Textures/T_Wood_Oak_N.uasset" 545
"../../../../../GitHub/PewGame/Content/StarterContent/Materials/M_Wood_Walnut.uasset" 546
"../../../../../GitHub/PewGame/Content/StarterContent/Textures/T_Wood_Walnut_D.uasset" 547
"../../../../../GitHub/PewGame/Content/StarterContent/Textures/T_Wood_Walnut_N.uasset" 548
"../../../../../GitHub/PewGame/Content/FirstPerson/Textures/FirstPersonCrosshair.uasset" 549
"../../../../../GitHub/PewGame/Content/PewGame/SFX/AK47_Fire_cue.uasset" 550
"../../../../../GitHub/PewGame/Content/PewGame/VFX/Pew_BulletHit.uasset" 551
"../../../../../GitHub/PewGame/Content/StarterContent/Particles/Materials/M_smoke_subUV.uasset" 552
"../../../../../GitHub/PewGame/Content/StarterContent/Textures/T_Smoke_SubUV.uasset" 553
"../../../../../GitHub/PewGame/Content/StarterContent/Textures/T_Smoke_Tiled_D.uasset" 554
"../../../../../GitHub/PewGame/Content/PewGame/VFX/Pew_MuzzleFlash.uasset" 555
"../../../../../GitHub/PewGame/Content/StarterContent/Particles/Materials/M_Fire_SubUV.uasset" 556
"../../../../../GitHub/PewGame/Content/StarterContent/Textures/T_Fire_SubUV.uasset" 557
"../../../../../GitHub/PewGame/Content/StarterContent/Textures/T_Fire_Tiled_D.uasset" 558
"../../../../../GitHub/PewGame/Content/StarterContent/Particles/Materials/M_Heat_Distortion.uasset" 559
"../../../../../GitHub/PewGame/Content/StarterContent/Textures/T_Water_N.uasset" 560
"../../../../../GitHub/PewGame/Content/PewGame/BP/BP_PewController.uasset" 561
"C:/Users/Palmen/AppData/Local/UnrealEngine/Common/DerivedDataCache/7/0/0/STATICMESH_46A8778361B442A9523C54440EA1E9D_8C68575CEF434CA8A9E1DA4AED8A47BB_13__364DF07A8B983A5EEC0BD9633337B2C2416744B3.udd" 562
"C:/Users/Palmen/AppData/Local/UnrealEngine/Common/DerivedDataCache/1/6/0/STATICMESH_46A8778361B442A9523C54440EA1E9D_8C68575CEF434CA8A9E1DA4AED8A47BB_F5__080E17FA377D74C5278B50F6CE23A14A5B1F06C5.udd" 563
"C:/Users/Palmen/AppData/Local/UnrealEngine/Common/DerivedDataCache/7/8/1/MATSM_984AFA3849534FAA8491540B994BD32E_PCD3D_SM5_3__BC5N_DEV_SL_NODBUFCBB2FA1A__5C8D5DD33805024C78DD6C9A325817699DD453CE.udd" 564
"C:/Users/Palmen/AppData/Local/UnrealEngine/Common/DerivedDataCache/0/7/9/MATSM_984AFA3849534FAA8491540B994BD32E_PCD3D_SM4_3__BC5N_DEV_SL_NODBUFCBB2FA1A__C7605533C62A755D34696B24504412A3FCBB28F4.udd" 565
"C:/Users/Palmen/AppData/Local/UnrealEngine/Common/DerivedDataCache/4/2/6/MATSM_984AFA3849534FAA8491540B994BD32E_PCD3D_SM5_3__BC5N_DEV_SL_NODBUFCBB2FA1A__E10D3F82E184A5BB2E77B33A0D66C0B89005E6B5.udd" 566
"C:/Users/Palmen/AppData/Local/UnrealEngine/Common/DerivedDataCache/9/1/4/MATSM_984AFA3849534FAA8491540B994BD32E_PCD3D_SM4_3__BC5N_DEV_SL_NODBUFCBB2FA1A__9C2810DB166D13199490969814E4DEA4F00873D2.udd" 567
"C:/Users/Palmen/AppData/Local/UnrealEngine/Common/DerivedDataCache/6/9/2/MATSM_984AFA3849534FAA8491540B994BD32E_PCD3D_SM5_3__BC5N_DEV_SL_NODBUF48F4A727__5DB87134C0789BFBE680B67AB02A9454593297D7.udd" 568
"C:/Users/Palmen/AppData/Local/UnrealEngine/Common/DerivedDataCache/7/8/3/MATSM_984AFA3849534FAA8491540B994BD32E_PCD3D_SM4_3__BC5N_DEV_SL_NODBUF48F4A727__1EFAD45EE12023463C6ED098D803F5A92592C91C.udd" 569
"C:/Users/Palmen/AppData/Local/UnrealEngine/Common/DerivedDataCache/7/7/4/PHYSX_1D9C17C451EA4FB88CB7A27536A65DB0_PHYSXPC_0B9A92C24B5ED10E39280C9A641094A__C58B30D28CFDA984D62E9E04A320B67DB2E68851.udd" 570
"C:/Users/Palmen/AppData/Local/UnrealEngine/Common/DerivedDataCache/0/8/3/NAVCOLLISION_B89838347A4348138EE337A847529C5C_NAVCOLLISION_X_0B9A92C24B5ED10E3__6EF25EF02E932F22C0A0195C609FA3725046DC74.udd" 571
"C:/Users/Palmen/AppData/Local/UnrealEngine/Common/DerivedDataCache/0/1/2/MATSM_984AFA3849534FAA8491540B994BD32E_PCD3D_SM5_3__BC5N_DEV_SL_NODBUFCBB2FA1A__12EA2C460DA1630CD5264527A95FDEB3F5B7D576.udd" 572
"C:/Users/Palmen/AppData/Local/UnrealEngine/Common/DerivedDataCache/5/8/4/MATSM_984AFA3849534FAA8491540B994BD32E_PCD3D_SM4_3__BC5N_DEV_SL_NODBUFCBB2FA1A__AF6D10029357A0705D3841E69CDC570F7FD7A25F.udd" 573
"C:/Users/Palmen/AppData/Local/UnrealEngine/Common/DerivedDataCache/3/9/9/PHYSX_1D9C17C451EA4FB88CB7A27536A65DB0_PHYSXPC_1C0E6DB64FC6A18EA77D759D1A16B95__EFE59076DDF2C210FDE47F3A4C870350D96B71FE.udd" 574
"C:/Users/Palmen/AppData/Local/UnrealEngine/Common/DerivedDataCache/2/0/5/NAVCOLLISION_B89838347A4348138EE337A847529C5C_NAVCOLLISION_X_1C0E6DB64FC6A18EA__AC0E85650AD736BE5D20AC52775D3945999B9AC3.udd" 575
"C:/Users/Palmen/AppData/Local/UnrealEngine/Common/DerivedDataCache/6/2/3/MATSM_984AFA3849534FAA8491540B994BD32E_PCD3D_SM5_3__BC5N_DEV_SL_NODBUF3D74F3C4__C0993B1CC3C47E36D555CBD15881ECC30A5B789C.udd" 576
"C:/Users/Palmen/AppData/Local/UnrealEngine/Common/DerivedDataCache/1/1/4/MATSM_984AFA3849534FAA8491540B994BD32E_PCD3D_SM4_3__BC5N_DEV_SL_NODBUF3D74F3C4__109F7BEFC3291265FF5AF66FBEBBCB707740A468.udd" 577
"C:/Users/Palmen/AppData/Local/UnrealEngine/Common/DerivedDataCache/9/1/5/MATSM_984AFA3849534FAA8491540B994BD32E_PCD3D_SM5_3__BC5N_DEV_SL_NODBUF6D1F3C40__7B5982A54452812E333AA4D3A4180DFEFE86E8BA.udd" 578
"C:/Users/Palmen/AppData/Local/UnrealEngine/Common/DerivedDataCache/9/3/4/MATSM_984AFA3849534FAA8491540B994BD32E_PCD3D_SM4_3__BC5N_DEV_SL_NODBUF6D1F3C40__20D8E86E3D805FBAA65B91DBC638CE1124913FDE.udd" 579
"../../../../../GitHub/PewGame/Content/PewGame/SFX/AK47_Fire.uasset" 580
"C:/Users/Palmen/AppData/Local/UnrealEngine/Common/DerivedDataCache/5/5/3/AUDIO_0002_0000_OGG_0001_C8E574A74ECA75DEE8296BBEAD11AEFD.udd" 581
"../../../Engine/Content/EditorResources/BSPVertex.uasset" 582
"../../../Engine/Content/EngineDebugMaterials/GeomMaterial.uasset" 583
"../../../Engine/Content/EngineDebugMaterials/BoneWeightMaterial.uasset" 584
"../../../Engine/Content/EngineDebugMaterials/HeatmapGradient.uasset" 585
"../../../Engine/Content/EditorMaterials/PhAT_JointLimitMaterial.uasset" 586
"../../../Engine/Content/EditorMaterials/PreviewShadowIndicatorMaterial.uasset" 587
"../../../Engine/Content/EditorMaterials/PreviewShadowIndicator.uasset" 588
"../../../Engine/Content/EngineMaterials/EditorBrushMaterial.uasset" 589
"../../../Engine/Content/EditorMeshes/ColorCalibrator/SM_ColorCalibrator.uasset" 590
"../../../Engine/Content/EditorMeshes/ColorCalibrator/M_ChromeBall.uasset" 591
"../../../Engine/Content/EditorMeshes/ColorCalibrator/M_ClearCoat.uasset" 592
"../../../Engine/Content/EditorMeshes/ColorCalibrator/M_ClearCoatBlack.uasset" 593
"../../../Engine/Content/EditorMeshes/ColorCalibrator/M_ColorGrid.uasset" 594
"../../../Engine/Content/EditorMeshes/ColorCalibrator/T_ColorGrid.uasset" 595
"../../../Engine/Content/EditorMeshes/ColorCalibrator/M_GreyBall.uasset" 596
"../../../Engine/Content/MobileResources/HUD/DefaultVirtualJoysticks.uasset" 597
"../../../Engine/Content/MobileResources/HUD/VirtualJoystick_Background.uasset" 598
"../../../Engine/Content/Tutorial/BlueprintTutorials/TutorialAssets/Blueprint_64x.uasset" 599
"../../../Engine/Content/Tutorial/SubEditors/TutorialAssets/icon_Editor_Preferences_General_40x.uasset" 600
"../../../Engine/Content/Tutorial/Paper2D/TutorialAssets/Paper2DSprite_TutorialIcon.uasset" 601
"../../../Engine/Content/Tutorial/SubEditors/TutorialAssets/icon_ShowSkeletalMeshes_40x.uasset" 602
"../../../Engine/Content/Tutorial/Landscape/TutorialAssets/Landscape.uasset" 603
"../../../Engine/Content/Tutorial/Foliage/TutorialAssets/Foliage.uasset" 604
"../../../Engine/Content/Tutorial/SubEditors/StaticMeshEditorTutorial.uasset" 605
"../../../Engine/Content/EngineMeshes/Cube.uasset" 606
"../../../Engine/Content/Tutorial/BlueprintTutorials/BlueprintEditorTutorial.uasset" 607
"../../../Engine/Content/Tutorial/BlueprintTutorials/BlueprintMacroLibrariesEditorOverview.uasset" 608
"../../../Engine/Content/Tutorial/BlueprintTutorials/TutorialAssets/BlueprintMacroLibrary_64x.uasset" 609
"../../../Engine/Content/Tutorial/BlueprintTutorials/TutorialAssets/Tutorial_BP_MacroLib.uasset" 610
"../../../Engine/Content/Tutorial/BlueprintTutorials/BlueprintInterfacesEditorOverview.uasset" 611
"../../../Engine/Content/Tutorial/BlueprintTutorials/TutorialAssets/BlueprintInterface_64x.uasset" 612
"../../../Engine/Content/Tutorial/BlueprintTutorials/TutorialAssets/Tutorial_BP_Interface.uasset" 613
"../../../Engine/Content/Tutorial/BlueprintTutorials/LevelBlueprintEditorOverview.uasset" 614
"../../../Engine/Content/Tutorial/SubEditors/DestructibleMeshEditorTutorial.uasset" 615
"../../../Engine/Content/Tutorial/SubEditors/TutorialAssets/Tutorial_DM.uasset" 616
"../../../Engine/Content/EditorMeshes/EditorCube.uasset" 617
"../../../Engine/Content/Tutorial/SubEditors/MaterialEditorTutorial.uasset" 618
"../../../Engine/Content/Tutorial/SubEditors/TutorialAssets/TutorialMaterial.uasset" 619
"../../../Engine/Content/Tutorial/SubEditors/ParticleSystemEditorTutorial.uasset" 620
"../../../Engine/Content/Tutorial/SubEditors/TutorialAssets/TutorialParticleSystem.uasset" 621
"../../../Engine/Content/Tutorial/SubEditors/TutorialAssets/M_smoke_subUV_blackbody.uasset" 622
"../../../Engine/Content/Tutorial/SubEditors/TutorialAssets/T_SmokeSubUV_8X8.uasset" 623
"../../../Engine/Content/Tutorial/SubEditors/TutorialAssets/T_soft_smoke.uasset" 624
"../../../Engine/Content/Tutorial/SubEditors/PersonaAnimEditorWalkThrough.uasset" 625
"../../../Engine/Content/Tutorial/SubEditors/TutorialAssets/Character/NewBlendSpace1D.uasset" 626
"../../../Engine/Content/Tutorial/SubEditors/TutorialAssets/Character/Tutorial_Idle.uasset" 627
"../../../Engine/Content/Tutorial/SubEditors/TutorialAssets/Character/TutorialTPP_Skeleton.uasset" 628
"../../../Engine/Content/Tutorial/SubEditors/TutorialAssets/Character/Tutorial_Walk_Fwd.uasset" 629
"../../../Engine/Content/Tutorial/SubEditors/TutorialAssets/Character/TutorialTPP.uasset" 630
"../../../Engine/Content/Tutorial/SubEditors/TutorialAssets/Character/TutorialTPP_Mat.uasset" 631
"../../../Engine/Content/Tutorial/SubEditors/TutorialAssets/Character/TutorialTPP_PhysicsAsset.uasset" 632
"../../../Engine/Content/Tutorial/SubEditors/PersonaAnimBlueprintEditorWalkthrough.uasset" 633
"../../../Engine/Content/Tutorial/SubEditors/TutorialAssets/Character/TutorialTPP_AnimBlueprint.uasset" 634
"../../../Engine/Content/Tutorial/SubEditors/TutorialAssets/Character/TutorialCharacter.uasset" 635
"../../../Engine/Content/Tutorial/Paper2D/SpriteEditorTutorial.uasset" 636
"../../../Engine/Content/Tutorial/Paper2D/FlipbookEditorTutorial.uasset" 637
"../../../Engine/Content/Tutorial/Paper2D/TutorialAssets/Paper2DFlipbook_TutorialIcon.uasset" 638
"../../../Engine/Content/Tutorial/Landscape/Landscape_Manage_Mode.uasset" 639
"../../../Engine/Content/Tutorial/Landscape/Landscape_Sculpt_Mode.uasset" 640
"../../../Engine/Content/Tutorial/Landscape/Landscape_Painting_Mode.uasset" 641
"../../../Engine/Content/Tutorial/Foliage/Foliage_Intro_Tutorial.uasset" 642
"../../../Engine/Content/Tutorial/Foliage/Foliage_Using_The_Tool_Tutorial.uasset" 643
"../../../Engine/Content/Tutorial/Foliage/Foliage_Settings_Tutorial.uasset" 644
"C:/Users/Palmen/AppData/Local/UnrealEngine/Common/DerivedDataCache/4/3/4/TEXTURE_814DCC3DC72143F49509781513CB9855_AUTODXT_0EE58438436A5BD8AABB93BE903B8__31EEC2E8D4FD28CEE13BF8DD062991962AA68341.udd" 645
"C:/Users/Palmen/AppData/Local/UnrealEngine/Common/DerivedDataCache/0/7/5/TEXTURE_814DCC3DC72143F49509781513CB9855_AUTODXT_0EE58438436A5BD8AABB93BE903B8__7328F3535E34F9F343D4BF805FA49F6958CBC59C.udd" 646
"C:/Users/Palmen/AppData/Local/UnrealEngine/Common/DerivedDataCache/3/8/8/TEXTURE_814DCC3DC72143F49509781513CB9855_AUTODXT_0EE58438436A5BD8AABB93BE903B8__A0594F37621A673A7BF1CCF0E6D4C5BE3D75DAF6.udd" 647
"C:/Users/Palmen/AppData/Local/UnrealEngine/Common/DerivedDataCache/0/5/3/TEXTURE_814DCC3DC72143F49509781513CB9855_AUTODXT_0EE58438436A5BD8AABB93BE903B8__3E64640A7DD114D6220505A952502CD403CC58D8.udd" 648
"C:/Users/Palmen/AppData/Local/UnrealEngine/Common/DerivedDataCache/0/0/0/TEXTURE_814DCC3DC72143F49509781513CB9855_AUTODXT_0EE58438436A5BD8AABB93BE903B8__17AC0761A63ECCEAD7BD3EB8170DD3A11DCFD001.udd" 649
"C:/Users/Palmen/AppData/Local/UnrealEngine/Common/DerivedDataCache/3/0/6/TEXTURE_814DCC3DC72143F49509781513CB9855_AUTODXT_0EE58438436A5BD8AABB93BE903B8__B7BEFF3EE95C7CB2580D0042DBC5166EC60A41FC.udd" 650
"C:/Users/Palmen/AppData/Local/UnrealEngine/Common/DerivedDataCache/1/4/2/TEXTURE_814DCC3DC72143F49509781513CB9855_AUTODXT_0EE58438436A5BD8AABB93BE903B8__C8986BCEAE343744DFA760DE3E847E5E86E143D2.udd" 651
"C:/Users/Palmen/AppData/Local/UnrealEngine/Common/DerivedDataCache/6/1/7/TEXTURE_814DCC3DC72143F49509781513CB9855_AUTODXT_B5FEF2494149267C80A41A95908CC__86E83C6C33B12DEBB7530DB3E2312DD4830A64F9.udd" 652
"C:/Users/Palmen/AppData/Local/UnrealEngine/Common/DerivedDataCache/6/6/5/TEXTURE_814DCC3DC72143F49509781513CB9855_AUTODXT_B5FEF2494149267C80A41A95908CC__3F39C827E8FC0B23CCD47D3AB8B83531D6EAB3D8.udd" 653
"C:/Users/Palmen/AppData/Local/UnrealEngine/Common/DerivedDataCache/9/4/7/TEXTURE_814DCC3DC72143F49509781513CB9855_AUTODXT_B5FEF2494149267C80A41A95908CC__DCA10D0F1939C09B5260252B49395F0D6A9341B2.udd" 654
"C:/Users/Palmen/AppData/Local/UnrealEngine/Common/DerivedDataCache/0/8/5/TEXTURE_814DCC3DC72143F49509781513CB9855_AUTODXT_B5FEF2494149267C80A41A95908CC__DC96C4CA24889C8B7DB1CB0F5C7184F32BB2E7A7.udd" 655
"C:/Users/Palmen/AppData/Local/UnrealEngine/Common/DerivedDataCache/0/1/0/TEXTURE_814DCC3DC72143F49509781513CB9855_AUTODXT_B5FEF2494149267C80A41A95908CC__05D318C22DB86014FC90E187844972E7479D9E37.udd" 656
"C:/Users/Palmen/AppData/Local/UnrealEngine/Common/DerivedDataCache/8/6/6/TEXTURE_814DCC3DC72143F49509781513CB9855_AUTODXT_B5FEF2494149267C80A41A95908CC__9A4EEA7EDC3844CDD7800A4AFCF097B908A60D55.udd" 657
"C:/Users/Palmen/AppData/Local/UnrealEngine/Common/DerivedDataCache/4/9/9/TEXTURE_814DCC3DC72143F49509781513CB9855_AUTODXT_C517EAEF45D6E89361C9A28D96F95__63359EF9F33782C0129D5A4DB3D7BE8239F7E531.udd" 658
"C:/Users/Palmen/AppData/Local/UnrealEngine/Common/DerivedDataCache/3/4/8/TEXTURE_814DCC3DC72143F49509781513CB9855_AUTODXT_C517EAEF45D6E89361C9A28D96F95__A35CD35C8D4BF11B5062D91AA33DEFB126CA5DA6.udd" 659
"C:/Users/Palmen/AppData/Local/UnrealEngine/Common/DerivedDataCache/8/4/1/TEXTURE_814DCC3DC72143F49509781513CB9855_AUTODXT_C517EAEF45D6E89361C9A28D96F95__FC6DE61B2CB62723730EEF33DF8F85032915EEB6.udd" 660
"C:/Users/Palmen/AppData/Local/UnrealEngine/Common/DerivedDataCache/7/3/2/TEXTURE_814DCC3DC72143F49509781513CB9855_AUTODXT_C517EAEF45D6E89361C9A28D96F95__551E3E0602D6BB1F0AFB370A8E531696E997D61F.udd" 661
"C:/Users/Palmen/AppData/Local/UnrealEngine/Common/DerivedDataCache/7/5/5/TEXTURE_814DCC3DC72143F49509781513CB9855_AUTODXT_C517EAEF45D6E89361C9A28D96F95__7615C1A04418531E0686F30DE15807A7F9B60F65.udd" 662
"C:/Users/Palmen/AppData/Local/UnrealEngine/Common/DerivedDataCache/3/5/4/TEXTURE_814DCC3DC72143F49509781513CB9855_AUTODXT_C517EAEF45D6E89361C9A28D96F95__F61763999090A0A39C4762F541BB6A22A28B06A8.udd" 663
"C:/Users/Palmen/AppData/Local/UnrealEngine/Common/DerivedDataCache/8/9/4/TEXTURE_814DCC3DC72143F49509781513CB9855_AUTODXT_E62C0E5F4515FD33FC4A289908ECA__158ECA4C82A7EEBA94BE2428E45187E1A505A104.udd" 664
"C:/Users/Palmen/AppData/Local/UnrealEngine/Common/DerivedDataCache/2/7/8/TEXTURE_814DCC3DC72143F49509781513CB9855_AUTODXT_E62C0E5F4515FD33FC4A289908ECA__8BE7EE65443BB29BD89EE7B592ED097B9D254673.udd" 665
"C:/Users/Palmen/AppData/Local/UnrealEngine/Common/DerivedDataCache/4/5/2/TEXTURE_814DCC3DC72143F49509781513CB9855_AUTODXT_E62C0E5F4515FD33FC4A289908ECA__FD9EF451206955C3714F10F0699214393E2CB203.udd" 666
"C:/Users/Palmen/AppData/Local/UnrealEngine/Common/DerivedDataCache/6/2/4/TEXTURE_814DCC3DC72143F49509781513CB9855_AUTODXT_E62C0E5F4515FD33FC4A289908ECA__1B3AD29EA20B504C362023C194444178774ABE50.udd" 667
"C:/Users/Palmen/AppData/Local/UnrealEngine/Common/DerivedDataCache/7/8/0/TEXTURE_814DCC3DC72143F49509781513CB9855_AUTODXT_E62C0E5F4515FD33FC4A289908ECA__0ADF510C7B8FB164EC15BDCCF521DCD75ABE8FA1.udd" 668
"C:/Users/Palmen/AppData/Local/UnrealEngine/Common/DerivedDataCache/3/0/5/TEXTURE_814DCC3DC72143F49509781513CB9855_AUTODXT_E62C0E5F4515FD33FC4A289908ECA__3EFA1E280896EBD11A0C45752648BD557C802F1E.udd" 669
"C:/Users/Palmen/AppData/Local/UnrealEngine/Common/DerivedDataCache/5/5/5/TEXTURE_814DCC3DC72143F49509781513CB9855_AUTODXT_26EEF8C1450E07634490CE8BD2D56__0A1802459675827ADA34EB254AA646401720F1A4.udd" 670
"C:/Users/Palmen/AppData/Local/UnrealEngine/Common/DerivedDataCache/6/9/6/TEXTURE_814DCC3DC72143F49509781513CB9855_AUTODXT_26EEF8C1450E07634490CE8BD2D56__7A2EAE4E3E68D7F725A627BEB0AED4445A55DFFF.udd" 671
"C:/Users/Palmen/AppData/Local/UnrealEngine/Common/DerivedDataCache/5/9/5/TEXTURE_814DCC3DC72143F49509781513CB9855_AUTODXT_26EEF8C1450E07634490CE8BD2D56__75F883031F844315EACD14B46AB9A97AF8CA2A01.udd" 672
"C:/Users/Palmen/AppData/Local/UnrealEngine/Common/DerivedDataCache/4/0/1/TEXTURE_814DCC3DC72143F49509781513CB9855_AUTODXT_26EEF8C1450E07634490CE8BD2D56__3A0DF8E842C9F9FB1C32B6D63BBA254D40C0341A.udd" 673
"C:/Users/Palmen/AppData/Local/UnrealEngine/Common/DerivedDataCache/0/4/4/TEXTURE_814DCC3DC72143F49509781513CB9855_AUTODXT_26EEF8C1450E07634490CE8BD2D56__AEA9CBCE131EE284664E2AC7AC52FF73401DDC02.udd" 674
"C:/Users/Palmen/AppData/Local/UnrealEngine/Common/DerivedDataCache/5/9/2/TEXTURE_814DCC3DC72143F49509781513CB9855_AUTODXT_26EEF8C1450E07634490CE8BD2D56__2033BA4CA3B88644395859BB6269A8BFA2281E46.udd" 675
"C:/Users/Palmen/AppData/Local/UnrealEngine/Common/DerivedDataCache/9/1/7/TEXTURE_814DCC3DC72143F49509781513CB9855_BC5_89296B474DBCB9E7BA889396CB965805___B054E3F2B19AB9B706C979DBBFA50082466976C1.udd" 676
"C:/Users/Palmen/AppData/Local/UnrealEngine/Common/DerivedDataCache/7/3/3/TEXTURE_814DCC3DC72143F49509781513CB9855_BC5_89296B474DBCB9E7BA889396CB965805___82416F736C011BB9661BE83A061CD2B616CC5567.udd" 677
"C:/Users/Palmen/AppData/Local/UnrealEngine/Common/DerivedDataCache/8/9/5/TEXTURE_814DCC3DC72143F49509781513CB9855_BC5_89296B474DBCB9E7BA889396CB965805___2CCA52AC128A6A6FDD5103CC004298C97523B3F4.udd" 678
"C:/Users/Palmen/AppData/Local/UnrealEngine/Common/DerivedDataCache/7/1/8/TEXTURE_814DCC3DC72143F49509781513CB9855_BC5_89296B474DBCB9E7BA889396CB965805___058B48868D29592371F74E54652C8F058084F2BC.udd" 679
"C:/Users/Palmen/AppData/Local/UnrealEngine/Common/DerivedDataCache/7/8/5/TEXTURE_814DCC3DC72143F49509781513CB9855_BC5_89296B474DBCB9E7BA889396CB965805___BB7908A3F9BD7156BCE5F20F5AE5AC29F189F7B3.udd" 680
"C:/Users/Palmen/AppData/Local/UnrealEngine/Common/DerivedDataCache/5/8/0/TEXTURE_814DCC3DC72143F49509781513CB9855_BC5_89296B474DBCB9E7BA889396CB965805___46E185A91AF4ED3CE91F37162A777B9AD0E89C68.udd" 681
"C:/Users/Palmen/AppData/Local/UnrealEngine/Common/DerivedDataCache/4/4/1/TEXTURE_814DCC3DC72143F49509781513CB9855_BGRA8_A54651374453DE6BD7060ABC0E20AFB__ED2F306275610B8CB1F5110DF4B9575BD387CF36.udd" 682
"C:/Users/Palmen/AppData/Local/UnrealEngine/Common/DerivedDataCache/2/3/5/TEXTURE_814DCC3DC72143F49509781513CB9855_BGRA8_A54651374453DE6BD7060ABC0E20AFB__332688FCF7482DF8F72E558E7BD871E2D4445435.udd" 683
"C:/Users/Palmen/AppData/Local/UnrealEngine/Common/DerivedDataCache/7/2/4/TEXTURE_814DCC3DC72143F49509781513CB9855_BGRA8_A54651374453DE6BD7060ABC0E20AFB__44C38FF4A31DCD8D36938E634FFF22354479B0E5.udd" 684
"C:/Users/Palmen/AppData/Local/UnrealEngine/Common/DerivedDataCache/8/7/6/TEXTURE_814DCC3DC72143F49509781513CB9855_BGRA8_A54651374453DE6BD7060ABC0E20AFB__32F871F216ADD9306F78B293DAD6C30BBE5EFDA0.udd" 685
"C:/Users/Palmen/AppData/Local/UnrealEngine/Common/DerivedDataCache/1/2/7/TEXTURE_814DCC3DC72143F49509781513CB9855_BGRA8_A54651374453DE6BD7060ABC0E20AFB__6D953AA216F88B066B770BD9EF17EDCE1E65F432.udd" 686
"C:/Users/Palmen/AppData/Local/UnrealEngine/Common/DerivedDataCache/9/9/5/TEXTURE_814DCC3DC72143F49509781513CB9855_BGRA8_A54651374453DE6BD7060ABC0E20AFB__B564357E49C099EB5BB0E61627F116AF1400C426.udd" 687
"C:/Users/Palmen/AppData/Local/UnrealEngine/Common/DerivedDataCache/8/8/5/TEXTURE_814DCC3DC72143F49509781513CB9855_AUTODXT_9D4A3D1942A7B4479E0550B4BA99E__2586CC40B36986D0BCFEBB04FB30DE13BE2667E5.udd" 688
"C:/Users/Palmen/AppData/Local/UnrealEngine/Common/DerivedDataCache/8/9/6/TEXTURE_814DCC3DC72143F49509781513CB9855_AUTODXT_9D4A3D1942A7B4479E0550B4BA99E__B00DCAF34575D3FFB41EA292D48265C066CEEC04.udd" 689
"C:/Users/Palmen/AppData/Local/UnrealEngine/Common/DerivedDataCache/1/8/7/TEXTURE_814DCC3DC72143F49509781513CB9855_AUTODXT_9D4A3D1942A7B4479E0550B4BA99E__64A340821F2F826F640B026F2021B71B16B11595.udd" 690
"C:/Users/Palmen/AppData/Local/UnrealEngine/Common/DerivedDataCache/2/7/5/TEXTURE_814DCC3DC72143F49509781513CB9855_AUTODXT_9D4A3D1942A7B4479E0550B4BA99E__C855BC582478E2EC7FC42B08CA87C358E34BBEAC.udd" 691
"C:/Users/Palmen/AppData/Local/UnrealEngine/Common/DerivedDataCache/9/4/5/TEXTURE_814DCC3DC72143F49509781513CB9855_AUTODXT_9D4A3D1942A7B4479E0550B4BA99E__26640A016866C796D9E6BEEC2189DF23F148F019.udd" 692
"C:/Users/Palmen/AppData/Local/UnrealEngine/Common/DerivedDataCache/2/2/1/TEXTURE_814DCC3DC72143F49509781513CB9855_AUTODXT_9D4A3D1942A7B4479E0550B4BA99E__37F3EA9563D4AB9C51A4E7E77B36F06D60E35D91.udd" 693
"C:/Users/Palmen/AppData/Local/UnrealEngine/Common/DerivedDataCache/5/3/4/TEXTURE_814DCC3DC72143F49509781513CB9855_AUTODXT_AC3EE93B4E9D17C5D3D50DB81B46A__8D57BB80C0E881072C1AD9142BE10A7BD403A1B8.udd" 694
"C:/Users/Palmen/AppData/Local/UnrealEngine/Common/DerivedDataCache/6/1/5/TEXTURE_814DCC3DC72143F49509781513CB9855_AUTODXT_AC3EE93B4E9D17C5D3D50DB81B46A__C9D3B5B81EF6D0885E32B93A43FEA4B3A3634624.udd" 695
"C:/Users/Palmen/AppData/Local/UnrealEngine/Common/DerivedDataCache/5/3/7/TEXTURE_814DCC3DC72143F49509781513CB9855_AUTODXT_AC3EE93B4E9D17C5D3D50DB81B46A__4E248464CFB1ECECD342289324DC0650E83F4A41.udd" 696
"C:/Users/Palmen/AppData/Local/UnrealEngine/Common/DerivedDataCache/2/1/8/TEXTURE_814DCC3DC72143F49509781513CB9855_AUTODXT_AC3EE93B4E9D17C5D3D50DB81B46A__1931E49E4E9545EC1D577DAC2EF3554A748184C6.udd" 697
"C:/Users/Palmen/AppData/Local/UnrealEngine/Common/DerivedDataCache/5/9/4/TEXTURE_814DCC3DC72143F49509781513CB9855_AUTODXT_AC3EE93B4E9D17C5D3D50DB81B46A__2B41F0D960E27791A6608612E49A0DFEFA108243.udd" 698
"C:/Users/Palmen/AppData/Local/UnrealEngine/Common/DerivedDataCache/5/5/8/TEXTURE_814DCC3DC72143F49509781513CB9855_AUTODXT_AC3EE93B4E9D17C5D3D50DB81B46A__FEB3F8BF142FF50B2F735BB626C1E385A2B4737C.udd" 699
"C:/Users/Palmen/AppData/Local/UnrealEngine/Common/DerivedDataCache/4/0/7/TEXTURE_814DCC3DC72143F49509781513CB9855_AUTODXT_DE187D8A4B45F96F020B0F9B7AA40__17871F788E4F09C228B714EED619499E7267E48D.udd" 700
"C:/Users/Palmen/AppData/Local/UnrealEngine/Common/DerivedDataCache/4/7/5/TEXTURE_814DCC3DC72143F49509781513CB9855_AUTODXT_DE187D8A4B45F96F020B0F9B7AA40__BE242D399C098C32AD5B2FB81875F7D744AAA18B.udd" 701
"C:/Users/Palmen/AppData/Local/UnrealEngine/Common/DerivedDataCache/9/4/2/TEXTURE_814DCC3DC72143F49509781513CB9855_AUTODXT_DE187D8A4B45F96F020B0F9B7AA40__10671FB289D0340A0030CF00B6D3F2907718F8CA.udd" 702
"C:/Users/Palmen/AppData/Local/UnrealEngine/Common/DerivedDataCache/8/4/2/TEXTURE_814DCC3DC72143F49509781513CB9855_AUTODXT_DE187D8A4B45F96F020B0F9B7AA40__39A5566817E223597C9BE594E44D969EAA8A50DB.udd" 703
"C:/Users/Palmen/AppData/Local/UnrealEngine/Common/DerivedDataCache/6/6/8/TEXTURE_814DCC3DC72143F49509781513CB9855_AUTODXT_DE187D8A4B45F96F020B0F9B7AA40__83652399A21A8C1EF8552E61A749527EA1A1B025.udd" 704
"C:/Users/Palmen/AppData/Local/UnrealEngine/Common/DerivedDataCache/7/6/2/TEXTURE_814DCC3DC72143F49509781513CB9855_AUTODXT_DE187D8A4B45F96F020B0F9B7AA40__95EF1F94A35627A2CD090B2B9C14E38C5EA2A6F2.udd" 705
"C:/Users/Palmen/AppData/Local/UnrealEngine/Common/DerivedDataCache/5/8/3/TEXTURE_814DCC3DC72143F49509781513CB9855_AUTODXT_FB2ABCBB4E71F3344D795DA7F819A__D7DCD7674BD47A8E1693B5D917684AF411847BA7.udd" 706
"C:/Users/Palmen/AppData/Local/UnrealEngine/Common/DerivedDataCache/8/7/4/TEXTURE_814DCC3DC72143F49509781513CB9855_AUTODXT_FB2ABCBB4E71F3344D795DA7F819A__08511B9849BF9E57634650BA17179E4A0B55F800.udd" 707
"C:/Users/Palmen/AppData/Local/UnrealEngine/Common/DerivedDataCache/6/6/9/TEXTURE_814DCC3DC72143F49509781513CB9855_AUTODXT_FB2ABCBB4E71F3344D795DA7F819A__97BAC25926E2BE2B52F2D0D2CE6B8ED9BD2A9FA7.udd" 708
"C:/Users/Palmen/AppData/Local/UnrealEngine/Common/DerivedDataCache/8/8/2/TEXTURE_814DCC3DC72143F49509781513CB9855_AUTODXT_FB2ABCBB4E71F3344D795DA7F819A__88E4A89B8F5582F4D8A326BF0A0CDFF2A0C1D2AA.udd" 709
"C:/Users/Palmen/AppData/Local/UnrealEngine/Common/DerivedDataCache/6/8/5/TEXTURE_814DCC3DC72143F49509781513CB9855_AUTODXT_FB2ABCBB4E71F3344D795DA7F819A__6CFB875DDE657C2BEA6F28AB25F34B2184FAC64F.udd" 710
"C:/Users/Palmen/AppData/Local/UnrealEngine/Common/DerivedDataCache/7/1/0/TEXTURE_814DCC3DC72143F49509781513CB9855_AUTODXT_FB2ABCBB4E71F3344D795DA7F819A__5474991CD64CF079DD08494DCA7ECCFB121148D9.udd" 711
"C:/Users/Palmen/AppData/Local/UnrealEngine/Common/DerivedDataCache/0/5/7/TEXTURE_814DCC3DC72143F49509781513CB9855_BC5_E6AD4018426F6914B18EC9A971EF081C___2B228D46C075380091040A452E5D9E45A93BDAD2.udd" 712
"C:/Users/Palmen/AppData/Local/UnrealEngine/Common/DerivedDataCache/8/6/5/TEXTURE_814DCC3DC72143F49509781513CB9855_BC5_E6AD4018426F6914B18EC9A971EF081C___44B916C9165E9B08F2BBCA067BCBB966308F7EE4.udd" 713
"C:/Users/Palmen/AppData/Local/UnrealEngine/Common/DerivedDataCache/2/9/6/TEXTURE_814DCC3DC72143F49509781513CB9855_BC5_E6AD4018426F6914B18EC9A971EF081C___E7F675C1FE75E4D9E7FC4A7D3A46C51DF20A9BDF.udd" 714
"C:/Users/Palmen/AppData/Local/UnrealEngine/Common/DerivedDataCache/8/4/5/TEXTURE_814DCC3DC72143F49509781513CB9855_BC5_E6AD4018426F6914B18EC9A971EF081C___A76C7B8C395C7E0531FDC45F84346021EFE9C11C.udd" 715
"C:/Users/Palmen/AppData/Local/UnrealEngine/Common/DerivedDataCache/2/5/4/TEXTURE_814DCC3DC72143F49509781513CB9855_BC5_E6AD4018426F6914B18EC9A971EF081C___EC8597B8259BA2357DCCD6AB0ADD12E6CB4050C1.udd" 716
"C:/Users/Palmen/AppData/Local/UnrealEngine/Common/DerivedDataCache/9/9/6/TEXTURE_814DCC3DC72143F49509781513CB9855_BC5_E6AD4018426F6914B18EC9A971EF081C___D78CD28AA702BA19240C18346EC6FF313D4B0113.udd" 717
"C:/Users/Palmen/AppData/Local/UnrealEngine/Common/DerivedDataCache/7/0/0/TEXTURE_814DCC3DC72143F49509781513CB9855_AUTODXT_6507A41A40251078F15C22B3DB61D__6ECF05B519AF22BA204B53E16B26E1F268AF29F2.udd" 718
"C:/Users/Palmen/AppData/Local/UnrealEngine/Common/DerivedDataCache/7/1/9/TEXTURE_814DCC3DC72143F49509781513CB9855_AUTODXT_6507A41A40251078F15C22B3DB61D__FFBBCF0CEE1BDA0CF5D4D3ED14731592A0A0648C.udd" 719
"C:/Users/Palmen/AppData/Local/UnrealEngine/Common/DerivedDataCache/9/4/5/TEXTURE_814DCC3DC72143F49509781513CB9855_AUTODXT_6507A41A40251078F15C22B3DB61D__227B9B1E6DB4E3BE5BA7949669E60FF2E801C01F.udd" 720
"C:/Users/Palmen/AppData/Local/UnrealEngine/Common/DerivedDataCache/2/8/9/TEXTURE_814DCC3DC72143F49509781513CB9855_AUTODXT_6507A41A40251078F15C22B3DB61D__CB8166F08AC8DCCD4282938B1FC88ADE783846D3.udd" 721
"C:/Users/Palmen/AppData/Local/UnrealEngine/Common/DerivedDataCache/4/3/8/TEXTURE_814DCC3DC72143F49509781513CB9855_AUTODXT_6507A41A40251078F15C22B3DB61D__50CFAEEBCFFC6616D8CB75261D094F82E4A37AC5.udd" 722
"C:/Users/Palmen/AppData/Local/UnrealEngine/Common/DerivedDataCache/5/1/0/TEXTURE_814DCC3DC72143F49509781513CB9855_AUTODXT_6507A41A40251078F15C22B3DB61D__D97684C361A3DF94DF0593FD99003D0877DE0C83.udd" 723
"C:/Users/Palmen/AppData/Local/UnrealEngine/Common/DerivedDataCache/9/6/2/TEXTURE_814DCC3DC72143F49509781513CB9855_AUTODXT_16030481403F44379C2AEAB63B8A8__E5896CDFF8CB0407D3FEBF107A172DE18A3A6FC6.udd" 724
"C:/Users/Palmen/AppData/Local/UnrealEngine/Common/DerivedDataCache/8/1/5/TEXTURE_814DCC3DC72143F49509781513CB9855_AUTODXT_16030481403F44379C2AEAB63B8A8__BBA4441E7E0F88A06EE6D8086B9AC4CEB5D73A09.udd" 725
"C:/Users/Palmen/AppData/Local/UnrealEngine/Common/DerivedDataCache/0/9/2/TEXTURE_814DCC3DC72143F49509781513CB9855_AUTODXT_16030481403F44379C2AEAB63B8A8__2CFB8FDD330BB3CA131918D28B49CF6DDDAEE3F3.udd" 726
"C:/Users/Palmen/AppData/Local/UnrealEngine/Common/DerivedDataCache/1/4/5/TEXTURE_814DCC3DC72143F49509781513CB9855_AUTODXT_16030481403F44379C2AEAB63B8A8__C662A2139B4E74B5C185BF469A4E69042E6F721A.udd" 727
"C:/Users/Palmen/AppData/Local/UnrealEngine/Common/DerivedDataCache/6/7/9/TEXTURE_814DCC3DC72143F49509781513CB9855_AUTODXT_16030481403F44379C2AEAB63B8A8__D0D8DAFDBCD5201511CB96747B89F5177DFA4FD3.udd" 728
"C:/Users/Palmen/AppData/Local/UnrealEngine/Common/DerivedDataCache/3/3/3/TEXTURE_814DCC3DC72143F49509781513CB9855_AUTODXT_16030481403F44379C2AEAB63B8A8__6945BAE21F66CEFD00ADDFCDDF194225F2E48D2A.udd" 729
"C:/Users/Palmen/AppData/Local/UnrealEngine/Common/DerivedDataCache/3/9/1/TEXTURE_814DCC3DC72143F49509781513CB9855_BC5_86A14FBA4DF24D8E5EE3C2A6C99A4DF3___D1BB00300B8940556E51F5D171973C9D0E003A43.udd" 730
"C:/Users/Palmen/AppData/Local/UnrealEngine/Common/DerivedDataCache/8/2/4/TEXTURE_814DCC3DC72143F49509781513CB9855_BC5_86A14FBA4DF24D8E5EE3C2A6C99A4DF3___BE9EA7F7AF335A47EE8A3F8DE8C7F2C7FF17F592.udd" 731
"C:/Users/Palmen/AppData/Local/UnrealEngine/Common/DerivedDataCache/3/7/5/TEXTURE_814DCC3DC72143F49509781513CB9855_BC5_86A14FBA4DF24D8E5EE3C2A6C99A4DF3___57EADDE191AD4210FBB88B0018C8FEFED5A4D834.udd" 732
"C:/Users/Palmen/AppData/Local/UnrealEngine/Common/DerivedDataCache/6/0/2/TEXTURE_814DCC3DC72143F49509781513CB9855_BC5_86A14FBA4DF24D8E5EE3C2A6C99A4DF3___77EC9550771832FD4D6292E13953E528833BDC49.udd" 733
"C:/Users/Palmen/AppData/Local/UnrealEngine/Common/DerivedDataCache/6/8/9/TEXTURE_814DCC3DC72143F49509781513CB9855_BC5_86A14FBA4DF24D8E5EE3C2A6C99A4DF3___2D3E5A83A585CB029660675E25B9EABA6FB6064F.udd" 734
"C:/Users/Palmen/AppData/Local/UnrealEngine/Common/DerivedDataCache/7/1/7/TEXTURE_814DCC3DC72143F49509781513CB9855_BC5_86A14FBA4DF24D8E5EE3C2A6C99A4DF3___763539AEE51401E4C6E54C9AA8C35FB901EBB3D5.udd" 735
"C:/Users/Palmen/AppData/Local/UnrealEngine/Common/DerivedDataCache/2/6/9/TEXTURE_814DCC3DC72143F49509781513CB9855_AUTODXT_B60F31884E460F2D177864956E3F0__BB6187F35B584F1BCBABA3E0A25BFB3916A5B907.udd" 736
"C:/Users/Palmen/AppData/Local/UnrealEngine/Common/DerivedDataCache/7/4/8/TEXTURE_814DCC3DC72143F49509781513CB9855_AUTODXT_B60F31884E460F2D177864956E3F0__8F9DF9902459FEE2D3E7193D2A476EAE0AE0D90E.udd" 737
"C:/Users/Palmen/AppData/Local/UnrealEngine/Common/DerivedDataCache/0/3/7/TEXTURE_814DCC3DC72143F49509781513CB9855_AUTODXT_B60F31884E460F2D177864956E3F0__F2D8EDD8A891F9794380BF0676B646B35EE0F838.udd" 738
"C:/Users/Palmen/AppData/Local/UnrealEngine/Common/DerivedDataCache/0/0/2/TEXTURE_814DCC3DC72143F49509781513CB9855_AUTODXT_B60F31884E460F2D177864956E3F0__553C109FCC9BED396A710DEE8CD936980AADAE62.udd" 739
"C:/Users/Palmen/AppData/Local/UnrealEngine/Common/DerivedDataCache/3/3/4/TEXTURE_814DCC3DC72143F49509781513CB9855_AUTODXT_B60F31884E460F2D177864956E3F0__0CF0F6F5625FE4CC5E888465AB685DE6F9AFA3AB.udd" 740
"C:/Users/Palmen/AppData/Local/UnrealEngine/Common/DerivedDataCache/4/5/0/TEXTURE_814DCC3DC72143F49509781513CB9855_AUTODXT_B60F31884E460F2D177864956E3F0__DA3014EBB48E16F47A35CDEEA1492445F6B373A2.udd" 741
"C:/Users/Palmen/AppData/Local/UnrealEngine/Common/DerivedDataCache/6/7/6/TEXTURE_814DCC3DC72143F49509781513CB9855_AUTODXT_AA44CD5547C3FB048352C3B57D7E6__FF4B587DB539A67CB5F8E94F655FACC3F9C346B6.udd" 742
"C:/Users/Palmen/AppData/Local/UnrealEngine/Common/DerivedDataCache/7/7/8/TEXTURE_814DCC3DC72143F49509781513CB9855_AUTODXT_AA44CD5547C3FB048352C3B57D7E6__22909C31C8703C7391F948579B512D81635B3874.udd" 743
"C:/Users/Palmen/AppData/Local/UnrealEngine/Common/DerivedDataCache/3/9/3/TEXTURE_814DCC3DC72143F49509781513CB9855_AUTODXT_AA44CD5547C3FB048352C3B57D7E6__D259CBEB3185D251899C809B6F6BB3DCC042ACA1.udd" 744
"C:/Users/Palmen/AppData/Local/UnrealEngine/Common/DerivedDataCache/4/2/4/TEXTURE_814DCC3DC72143F49509781513CB9855_AUTODXT_AA44CD5547C3FB048352C3B57D7E6__7BD89EBB5B4B322C32EC62B4CA297E1E24D07158.udd" 745
"C:/Users/Palmen/AppData/Local/UnrealEngine/Common/DerivedDataCache/9/8/1/TEXTURE_814DCC3DC72143F49509781513CB9855_BC5_8B07498D461DAC30A32A21A0638D9593___9AC5B9A23457E424BEAB96BA3311559C3C243D1C.udd" 746
"C:/Users/Palmen/AppData/Local/UnrealEngine/Common/DerivedDataCache/6/5/2/TEXTURE_814DCC3DC72143F49509781513CB9855_BC5_8B07498D461DAC30A32A21A0638D9593___195796B411A16D1B1273AC2DA732E5F516DA9A9E.udd" 747
"C:/Users/Palmen/AppData/Local/UnrealEngine/Common/DerivedDataCache/4/1/1/TEXTURE_814DCC3DC72143F49509781513CB9855_BC5_8B07498D461DAC30A32A21A0638D9593___B83081C628237C0C8B10B6A8FE0488FAA2B82D98.udd" 748
"C:/Users/Palmen/AppData/Local/UnrealEngine/Common/DerivedDataCache/0/9/0/TEXTURE_814DCC3DC72143F49509781513CB9855_BC5_8B07498D461DAC30A32A21A0638D9593___DB4542B1ABBF33F56F4E2D15308CFD6AC0421C00.udd" 749
"C:/Users/Palmen/AppData/Local/UnrealEngine/Common/DerivedDataCache/5/1/7/TEXTURE_814DCC3DC72143F49509781513CB9855_AUTODXT_CF17A5DF44CF3BB8B7D41993A918D__F41E1A3C9C17AC2884910DB61A1836B8D0FF01F5.udd" 750
"C:/Users/Palmen/AppData/Local/UnrealEngine/Common/DerivedDataCache/4/0/0/TEXTURE_814DCC3DC72143F49509781513CB9855_AUTODXT_CF17A5DF44CF3BB8B7D41993A918D__45814B24114104E4A0ECFC1706F5A54F15F4BBCF.udd" 751
"C:/Users/Palmen/AppData/Local/UnrealEngine/Common/DerivedDataCache/2/1/6/TEXTURE_814DCC3DC72143F49509781513CB9855_AUTODXT_CF17A5DF44CF3BB8B7D41993A918D__4DD3BBA2716AA75F7FFD924737DF63AFBC1718D6.udd" 752
"C:/Users/Palmen/AppData/Local/UnrealEngine/Common/DerivedDataCache/0/5/9/TEXTURE_814DCC3DC72143F49509781513CB9855_AUTODXT_CF17A5DF44CF3BB8B7D41993A918D__7C80E5575C7D2DDF2D30C80B58C2BC5F9B8E22E6.udd" 753
"C:/Users/Palmen/AppData/Local/UnrealEngine/Common/DerivedDataCache/9/3/0/TEXTURE_814DCC3DC72143F49509781513CB9855_AUTODXT_1383FCA14FD8FB58FB3717B75A82A__91FDF274CBA0FAE11E88DB760F153BC33653C8AB.udd" 754
"C:/Users/Palmen/AppData/Local/UnrealEngine/Common/DerivedDataCache/4/4/3/TEXTURE_814DCC3DC72143F49509781513CB9855_AUTODXT_1383FCA14FD8FB58FB3717B75A82A__05327DDF47D415B90960452704D35C0387102C9C.udd" 755
"C:/Users/Palmen/AppData/Local/UnrealEngine/Common/DerivedDataCache/2/2/0/TEXTURE_814DCC3DC72143F49509781513CB9855_AUTODXT_1383FCA14FD8FB58FB3717B75A82A__087E5F7811CE2CA38A3A7875786FD73BDC5E46A5.udd" 756
"C:/Users/Palmen/AppData/Local/UnrealEngine/Common/DerivedDataCache/8/2/6/TEXTURE_814DCC3DC72143F49509781513CB9855_AUTODXT_1383FCA14FD8FB58FB3717B75A82A__BBB464BEA10BDC6890C9569416B1F3C25E188812.udd" 757
"C:/Users/Palmen/AppData/Local/UnrealEngine/Common/DerivedDataCache/2/8/5/TEXTURE_814DCC3DC72143F49509781513CB9855_AUTODXT_1383FCA14FD8FB58FB3717B75A82A__8D463268B5AC582041592F09E8FA125E9F88BB95.udd" 758
"C:/Users/Palmen/AppData/Local/UnrealEngine/Common/DerivedDataCache/3/6/9/TEXTURE_814DCC3DC72143F49509781513CB9855_AUTODXT_1383FCA14FD8FB58FB3717B75A82A__B2C6032485D4189936A5383A5A0858BE879D5DA1.udd" 759
"C:/Users/Palmen/AppData/Local/UnrealEngine/Common/DerivedDataCache/9/2/7/TEXTURE_814DCC3DC72143F49509781513CB9855_AUTODXT_1383FCA14FD8FB58FB3717B75A82A__B4D33D772AC95D7618BB92ECB926408EDBB7192C.udd" 760
"../../../Engine/Content/MobileResources/HUD/MobileHUDButton1_off.uasset" 761
"../../../Engine/Content/MobileResources/T_MobileMenu2.uasset" 762
"../../../Engine/Content/MobileResources/HUD/MobileHUDButton2_on.uasset" 763
"../../../Engine/Content/MobileResources/HUD/MobileHUDDirectionPad.uasset" 764
"../../../Engine/Content/MobileResources/T_MobileControls_texture.uasset" 765
"../../../Engine/Content/MobileResources/HUD/T_Castle_ThumbstickInner.uasset" 766
"../../../Engine/Content/MobileResources/HUD/T_Castle_ThumbstickOutter.uasset" 767
"../../../Engine/Content/MobileResources/HUD/MobileHUDDirectionPad3.uasset" 768
"../../../Engine/Content/MobileResources/HUD/MobileHUDDirectionPad2.uasset" 769
"../../../Engine/Content/MobileResources/HUD/MobileHUDDirectionStick.uasset" 770
"../../../Engine/Content/MobileResources/HUD/MobileHUDButton2_off.uasset" 771
"../../../../../GitHub/PewGame/Content/TestArena_001.umap" 772
"../../../Engine/Content/EngineSky/BP_Sky_Sphere.uasset" 773
"../../../Engine/Content/EngineSky/C_Sky_Cloud_Color.uasset" 774
"../../../Engine/Content/EngineSky/C_Sky_Horizon_Color.uasset" 775
"../../../Engine/Content/EngineSky/C_Sky_Zenith_Color.uasset" 776
"../../../Engine/Content/EngineSky/M_Sky_Panning_Clouds2.uasset" 777
"../../../Engine/Content/EngineSky/T_Sky_Blue.uasset" 778
"../../../Engine/Content/EngineSky/T_Sky_Clouds_M.uasset" 779
"../../../Engine/Content/EngineSky/T_Sky_Stars.uasset" 780
"../../../Engine/Content/EngineSky/SM_SkySphere.uasset" 781
"C:/Users/Palmen/AppData/Local/UnrealEngine/Common/DerivedDataCache/1/2/6/PHYSX_1D9C17C451EA4FB88CB7A27536A65DB0_PHYSXPC_F747D0494C55A519F52B1A893376AFA4__1_0_13123_0.udd" 782
"C:/Users/Palmen/AppData/Local/UnrealEngine/Common/DerivedDataCache/0/3/5/PHYSX_1D9C17C451EA4FB88CB7A27536A65DB0_PHYSXPC_571EBEEA42A35F381719689462A96FFF__1_0_13123_0.udd" 783
"C:/Users/Palmen/AppData/Local/UnrealEngine/Common/DerivedDataCache/2/1/8/PHYSX_1D9C17C451EA4FB88CB7A27536A65DB0_PHYSXPC_BEA8EB054661A70EEDAA9BAC24E9152C__1_0_13123_0.udd" 784
"C:/Users/Palmen/AppData/Local/UnrealEngine/Common/DerivedDataCache/0/5/0/PHYSX_1D9C17C451EA4FB88CB7A27536A65DB0_PHYSXPC_602A119B4E9B7D4417BD9E8B50A08366__1_0_13123_0.udd" 785
"C:/Users/Palmen/AppData/Local/UnrealEngine/Common/DerivedDataCache/2/8/4/PHYSX_1D9C17C451EA4FB88CB7A27536A65DB0_PHYSXPC_0CCE8DC54552D798F71E1DA03D07BEB2__1_0_13123_0.udd" 786
"C:/Users/Palmen/AppData/Local/UnrealEngine/Common/DerivedDataCache/7/6/1/PHYSX_1D9C17C451EA4FB88CB7A27536A65DB0_PHYSXPC_C7DC6A3E42A3391620D0F4A588A46F36__1_0_13123_0.udd" 787
"../../../Engine/Content/EditorResources/EmptyActor.uasset" 788
"../../../Engine/Content/MobileResources/HUD/AnalogHat.uasset" 789
"../../../Engine/Content/MobileResources/HUD/MobileHUDButton1_on.uasset" 790
"../../../Engine/Content/MobileResources/HUD/LeftVirtualJoystickOnly.uasset" 791
"../../../Engine/Content/MobileResources/HUD/MobileHUDButtonFire.uasset" 792
"../../../Engine/Content/MobileResources/HUD/MobileHUDButton3.uasset" 793
"..\..\..\Engine\Content\Internationalization\icudt53l\windowsZones.res" 794
"..\..\..\Engine\Content\Internationalization\icudt53l\zoneinfo64.res" 795
"..\..\..\Engine\Content\Internationalization\icudt53l\keyTypeData.res" 796
"..\..\..\Engine\Content\Internationalization\icudt53l\timezoneTypes.res" 797
"..\..\..\Engine\Content\Internationalization\icudt53l\supplementalData.res" 798
"..\..\..\Engine\Content\Internationalization\icudt53l\likelySubtags.res" 799
